#
# There is insufficient memory for the Java Runtime Environment to continue.
# Native memory allocation (mmap) failed to map 65536 bytes. Error detail: Failed to commit metaspace.
# Possible reasons:
#   The system is out of physical RAM or swap space
#   This process is running with CompressedOops enabled, and the Java Heap may be blocking the growth of the native heap
# Possible solutions:
#   Reduce memory load on the system
#   Increase physical memory or swap space
#   Check if swap backing store is full
#   Decrease Java heap size (-Xmx/-Xms)
#   Decrease number of Java threads
#   Decrease Java thread stack sizes (-Xss)
#   Set larger code cache with -XX:ReservedCodeCacheSize=
#   JVM is running with Unscaled Compressed Oops mode in which the Java heap is
#     placed in the first 4GB address space. The Java Heap base address is the
#     maximum limit for the native heap growth. Please use -XX:HeapBaseMinAddress
#     to set the Java Heap base and to place the Java Heap above 4GB virtual address.
# This output file may be truncated or incomplete.
#
#  Out of Memory Error (virtualSpaceNode.cpp:113), pid=2092, tid=13084
#
# JRE version: OpenJDK Runtime Environment Temurin-21.0.10+7 (21.0.10+7) (build 21.0.10+7-LTS)
# Java VM: OpenJDK 64-Bit Server VM Temurin-21.0.10+7 (21.0.10+7-LTS, mixed mode, sharing, tiered, compressed oops, compressed class ptrs, parallel gc, windows-amd64)
# No core dump will be written. Minidumps are not enabled by default on client versions of Windows
#

---------------  S U M M A R Y ------------

Command Line: --add-modules=ALL-SYSTEM --add-opens=java.base/java.util=ALL-UNNAMED --add-opens=java.base/java.lang=ALL-UNNAMED --add-opens=java.base/sun.nio.fs=ALL-UNNAMED -Declipse.application=org.eclipse.jdt.ls.core.id1 -Dosgi.bundles.defaultStartLevel=4 -Declipse.product=org.eclipse.jdt.ls.core.product -Djava.import.generatesMetadataFilesAtProjectRoot=false -DDetectVMInstallationsJob.disabled=true -Dfile.encoding=utf8 -XX:+UseParallelGC -XX:GCTimeRatio=4 -XX:AdaptiveSizePolicyWeight=90 -Dsun.zip.disableMemoryMapping=true -Xmx2G -Xms100m -Xlog:disable -javaagent:c:\Users\Usuario\.vscode\extensions\redhat.java-1.53.0-win32-x64\lombok\lombok-1.18.39-4050.jar c:\Users\Usuario\.vscode\extensions\redhat.java-1.53.0-win32-x64\server\plugins\org.eclipse.equinox.launcher_1.7.100.v20251111-0406.jar -configuration c:\Users\Usuario\AppData\Roaming\Code\User\globalStorage\redhat.java\1.53.0\config_ss_win -data c:\Users\Usuario\AppData\Roaming\Code\User\workspaceStorage\1e0a85bc105a14e355e8bfcd29007be1\redhat.java\ss_ws --pipe=\\.\pipe\lsp-38266216d3347dfd3e300ff0afdeca8e-sock

Host: Intel(R) Core(TM) i3-1005G1 CPU @ 1.20GHz, 4 cores, 7G,  Windows 11 , 64 bit Build 26100 (10.0.26100.7920)
Time: Tue Mar 17 17:26:16 2026 Hora est. Pac璗ico, Sudam廨ica elapsed time: 4.727532 seconds (0d 0h 0m 4s)

---------------  T H R E A D  ---------------

Current thread (0x000002056e899270):  JavaThread "main"             [_thread_in_vm, id=13084, stack(0x000000400dc00000,0x000000400dd00000) (1024K)]

Stack: [0x000000400dc00000,0x000000400dd00000]
Native frames: (J=compiled Java code, j=interpreted, Vv=VM code, C=native code)
V  [jvm.dll+0x6d7a39]
V  [jvm.dll+0x8b4b26]
V  [jvm.dll+0x8b70de]
V  [jvm.dll+0x8b77c3]
V  [jvm.dll+0x284346]
V  [jvm.dll+0x8b086e]
V  [jvm.dll+0x679444]
V  [jvm.dll+0x1e82bb]
V  [jvm.dll+0x1e807e]
V  [jvm.dll+0x67bd42]
V  [jvm.dll+0x67bb72]
V  [jvm.dll+0x679e1e]
V  [jvm.dll+0x281217]
V  [jvm.dll+0x72dd4f]
V  [jvm.dll+0x72e88f]
V  [jvm.dll+0x3cc641]
V  [jvm.dll+0x3cb417]
V  [jvm.dll+0x3cb3b8]
V  [jvm.dll+0x3dce7a]
C  0x0000020507549274

The last pc belongs to new (printed below).
Java frames: (J=compiled Java code, j=interpreted, Vv=VM code)
j  org.eclipse.osgi.storage.Storage.<init>(Lorg/eclipse/osgi/internal/framework/EquinoxContainer;[Ljava/lang/String;)V+642
j  org.eclipse.osgi.storage.Storage.createStorage(Lorg/eclipse/osgi/internal/framework/EquinoxContainer;)Lorg/eclipse/osgi/storage/Storage;+11
j  org.eclipse.osgi.internal.framework.EquinoxContainer.<init>(Ljava/util/Map;Lorg/osgi/framework/connect/ModuleConnector;)V+146
j  org.eclipse.osgi.launch.Equinox.<init>(Ljava/util/Map;Lorg/osgi/framework/connect/ModuleConnector;)V+10
j  org.eclipse.osgi.launch.Equinox.<init>(Ljava/util/Map;)V+3
j  org.eclipse.core.runtime.adaptor.EclipseStarter.startup([Ljava/lang/String;Ljava/lang/Runnable;)Lorg/osgi/framework/BundleContext;+28
j  org.eclipse.core.runtime.adaptor.EclipseStarter.run([Ljava/lang/String;Ljava/lang/Runnable;)Ljava/lang/Object;+21
j  java.lang.invoke.DirectMethodHandle$Holder.invokeStatic(Ljava/lang/Object;Ljava/lang/Object;Ljava/lang/Object;)Ljava/lang/Object;+11 java.base@21.0.10
j  java.lang.invoke.LambdaForm$MH+0x000002051008a800.invoke(Ljava/lang/Object;Ljava/lang/Object;Ljava/lang/Object;Ljava/lang/Object;)Ljava/lang/Object;+54 java.base@21.0.10
j  java.lang.invoke.LambdaForm$MH+0x0000020510002c00.invokeExact_MT(Ljava/lang/Object;Ljava/lang/Object;Ljava/lang/Object;Ljava/lang/Object;Ljava/lang/Object;)Ljava/lang/Object;+22 java.base@21.0.10
j  jdk.internal.reflect.DirectMethodHandleAccessor.invokeImpl(Ljava/lang/Object;[Ljava/lang/Object;)Ljava/lang/Object;+72 java.base@21.0.10
j  jdk.internal.reflect.DirectMethodHandleAccessor.invoke(Ljava/lang/Object;[Ljava/lang/Object;)Ljava/lang/Object;+23 java.base@21.0.10
j  java.lang.reflect.Method.invoke(Ljava/lang/Object;[Ljava/lang/Object;)Ljava/lang/Object;+102 java.base@21.0.10
j  org.eclipse.equinox.launcher.Main.invokeFramework([Ljava/lang/String;[Ljava/net/URL;)V+155
j  org.eclipse.equinox.launcher.Main.basicRun([Ljava/lang/String;)V+191
j  org.eclipse.equinox.launcher.Main.run([Ljava/lang/String;)I+4
j  org.eclipse.equinox.launcher.Main.main([Ljava/lang/String;)V+10
v  ~StubRoutines::call_stub 0x00000205075310e7
new  187 new  [0x00000205075490e0, 0x00000205075492e8]  520 bytes
[MachCode]
  0x00000205075490e0: 4883 ec08 | c5fa 1104 | 24eb 1f48 | 83ec 10c5 | fb11 0424 | eb14 4883 | ec10 4889 | 0424 48c7 
  0x0000020507549100: 4424 0800 | 0000 00eb | 0150 410f | b755 010f | cac1 ea10 | 488b 4de8 | 488b 4908 | 488b 4908 
  0x0000020507549120: 488b 4108 | 807c 1004 | 070f 85d3 | 0000 0066 | 8b54 d148 | 488b 4928 | 488b 4cd1 | 0851 80b9 
  0x0000020507549140: 3101 0000 | 040f 85b6 | 0000 008b | 5108 f6c2 | 010f 85aa | 0000 0049 | 8b87 b801 | 0000 488d 
  0x0000020507549160: 1c10 493b | 9fc8 0100 | 000f 8792 | 0000 0049 | 899f b801 | 0000 4883 | ea10 0f84 | 0f00 0000 
  0x0000020507549180: 33c9 c1ea | 0348 894c | d008 48ff | ca75 f648 | c700 0100 | 0000 5933 | f689 700c | 49ba 0000 
  0x00000205075491a0: 000f 0502 | 0000 492b | ca89 4808 | 49ba c75c | bab1 fb7f | 0000 4180 | 3a00 0f84 | 3c00 0000 
  0x00000205075491c0: 5048 8bc8 | 4883 ec20 | 40f6 c40f | 0f84 1900 | 0000 4883 | ec08 48b8 | 90e1 63b1 | fb7f 0000 
  0x00000205075491e0: ffd0 4883 | c408 e90c | 0000 0048 | b890 e163 | b1fb 7f00 | 00ff d048 | 83c4 2058 | e9cb 0000 
  0x0000020507549200: 0059 488b | 55e8 488b | 5208 488b | 5208 450f | b745 0141 | 0fc8 41c1 | e810 e805 | 0000 00e9 
  0x0000020507549220: a800 0000 | 488d 4424 | 084c 896d | c049 8bcf | c5f8 7749 | 89af b003 | 0000 4989 | 87a0 0300 
  0x0000020507549240: 0048 83ec | 2040 f6c4 | 0f0f 8419 | 0000 0048 | 83ec 0848 | b8f0 cd2d | b1fb 7f00 | 00ff d048 
  0x0000020507549260: 83c4 08e9 | 0c00 0000 | 48b8 f0cd | 2db1 fb7f | 0000 ffd0 | 4883 c420 | 49c7 87a0 | 0300 0000 
  0x0000020507549280: 0000 0049 | c787 b003 | 0000 0000 | 0000 49c7 | 87a8 0300 | 0000 0000 | 00c5 f877 | 4983 7f08 
  0x00000205075492a0: 000f 8405 | 0000 00e9 | 547c feff | 498b 87f8 | 0300 0049 | c787 f803 | 0000 0000 | 0000 4c8b 
  0x00000205075492c0: 6dc0 4c8b | 75c8 4e8d | 74f5 00c3 | 410f b65d | 0349 83c5 | 0349 ba10 | 25bd b1fb | 7f00 0041 
  0x00000205075492e0: ff24 da0f | 1f44 0000 
[/MachCode]

---------------  P R O C E S S  ---------------

Threads class SMR info:
_java_thread_list=0x0000020579aa1000, length=11, elements={
0x000002056e899270, 0x0000020570d231e0, 0x0000020570d267d0, 0x0000020570d298e0,
0x0000020570d2e460, 0x0000020570b5ff60, 0x0000020570b609c0, 0x0000020570b63f70,
0x0000020570bdf290, 0x000002057937ead0, 0x00000205793b6ee0
}

Java Threads: ( => current thread )
=>0x000002056e899270 JavaThread "main"                              [_thread_in_vm, id=13084, stack(0x000000400dc00000,0x000000400dd00000) (1024K)]
  0x0000020570d231e0 JavaThread "Reference Handler"          daemon [_thread_blocked, id=17700, stack(0x000000400e000000,0x000000400e100000) (1024K)]
  0x0000020570d267d0 JavaThread "Finalizer"                  daemon [_thread_blocked, id=10376, stack(0x000000400e100000,0x000000400e200000) (1024K)]
  0x0000020570d298e0 JavaThread "Signal Dispatcher"          daemon [_thread_blocked, id=14472, stack(0x000000400e200000,0x000000400e300000) (1024K)]
  0x0000020570d2e460 JavaThread "Attach Listener"            daemon [_thread_blocked, id=20464, stack(0x000000400e300000,0x000000400e400000) (1024K)]
  0x0000020570b5ff60 JavaThread "Service Thread"             daemon [_thread_blocked, id=11844, stack(0x000000400e400000,0x000000400e500000) (1024K)]
  0x0000020570b609c0 JavaThread "Monitor Deflation Thread"   daemon [_thread_blocked, id=10568, stack(0x000000400e500000,0x000000400e600000) (1024K)]
  0x0000020570b63f70 JavaThread "C2 CompilerThread0"         daemon [_thread_blocked, id=14724, stack(0x000000400e600000,0x000000400e700000) (1024K)]
  0x0000020570bdf290 JavaThread "C1 CompilerThread0"         daemon [_thread_blocked, id=4408, stack(0x000000400e700000,0x000000400e800000) (1024K)]
  0x000002057937ead0 JavaThread "Common-Cleaner"             daemon [_thread_blocked, id=8048, stack(0x000000400e800000,0x000000400e900000) (1024K)]
  0x00000205793b6ee0 JavaThread "Notification Thread"        daemon [_thread_blocked, id=15008, stack(0x000000400e900000,0x000000400ea00000) (1024K)]
Total: 11

Other Threads:
  0x0000020570d0e6c0 VMThread "VM Thread"                           [id=17168, stack(0x000000400df00000,0x000000400e000000) (1024K)] _threads_hazard_ptr=0x0000020579aa1000
  0x0000020570cdc490 WatcherThread "VM Periodic Task Thread"        [id=11140, stack(0x000000400de00000,0x000000400df00000) (1024K)]
  0x0000020570c8c3f0 WorkerThread "GC Thread#0"                     [id=3344, stack(0x000000400dd00000,0x000000400de00000) (1024K)]
  0x0000020579acd6f0 WorkerThread "GC Thread#1"                     [id=2572, stack(0x000000400eb00000,0x000000400ec00000) (1024K)]
  0x0000020579acdaa0 WorkerThread "GC Thread#2"                     [id=19064, stack(0x000000400ec00000,0x000000400ed00000) (1024K)]
  0x0000020579613300 WorkerThread "GC Thread#3"                     [id=18924, stack(0x000000400ed00000,0x000000400ee00000) (1024K)]
Total: 6

Threads with active compile tasks:
Total: 0

VM state: synchronizing (normal execution)

VM Mutex/Monitor currently owned by a thread:  ([mutex/lock_event])
[0x00007ffbb1bbc4e0] Metaspace_lock - owner thread: 0x000002056e899270
[0x00007ffbb1bbe560] Threads_lock - owner thread: 0x0000020570d0e6c0

Heap address: 0x0000000080000000, size: 2048 MB, Compressed Oops mode: 32-bit

CDS archive(s) mapped at: [0x000002050f000000-0x000002050fba0000-0x000002050fba0000), size 12189696, SharedBaseAddress: 0x000002050f000000, ArchiveRelocationMode: 1.
Compressed class space mapped at: 0x0000020510000000-0x0000020550000000, reserved size: 1073741824
Narrow klass base: 0x000002050f000000, Narrow klass shift: 0, Narrow klass range: 0x100000000

GC Precious Log:
 CardTable entry size: 512
 CPUs: 4 total, 4 available
 Memory: 7880M
 Large Page Support: Disabled
 NUMA Support: Disabled
 Compressed Oops: Enabled (32-bit)
 Alignments: Space 512K, Generation 512K, Heap 2M
 Heap Min Capacity: 100M
 Heap Initial Capacity: 100M
 Heap Max Capacity: 2G
 Pre-touch: Disabled
 Parallel Workers: 4

Heap:
 PSYoungGen      total 29696K, used 8233K [0x00000000d5580000, 0x00000000d7680000, 0x0000000100000000)
  eden space 25600K, 19% used [0x00000000d5580000,0x00000000d5a58938,0x00000000d6e80000)
  from space 4096K, 79% used [0x00000000d6e80000,0x00000000d71b1e98,0x00000000d7280000)
  to   space 4096K, 0% used [0x00000000d7280000,0x00000000d7280000,0x00000000d7680000)
 ParOldGen       total 68608K, used 0K [0x0000000080000000, 0x0000000084300000, 0x00000000d5580000)
  object space 68608K, 0% used [0x0000000080000000,0x0000000080000000,0x0000000084300000)
 Metaspace       used 5398K, committed 5632K, reserved 1114112K
  class space    used 573K, committed 704K, reserved 1048576K

Card table byte_map: [0x0000020570610000,0x0000020570a20000] _byte_map_base: 0x0000020570210000

Marking Bits: (ParMarkBitMap*) 0x00007ffbb1bc3450
 Begin Bits: [0x0000020574120000, 0x0000020576120000)
 End Bits:   [0x0000020576120000, 0x0000020578120000)

Polling page: 0x000002056ea80000

Metaspace:

Usage:
  Non-class:      4.71 MB used.
      Class:    573.94 KB used.
       Both:      5.27 MB used.

Virtual space:
  Non-class space:       64.00 MB reserved,       4.81 MB (  8%) committed,  1 nodes.
      Class space:        1.00 GB reserved,     704.00 KB ( <1%) committed,  1 nodes.
             Both:        1.06 GB reserved,       5.50 MB ( <1%) committed. 

Chunk freelists:
   Non-Class:  10.49 MB
       Class:  15.36 MB
        Both:  25.85 MB

MaxMetaspaceSize: unlimited
CompressedClassSpaceSize: 1.00 GB
Initial GC threshold: 21.00 MB
Current GC threshold: 21.00 MB
CDS: on
 - commit_granule_bytes: 65536.
 - commit_granule_words: 8192.
 - virtual_space_node_default_size: 8388608.
 - enlarge_chunks_in_place: 1.
 - use_allocation_guard: 0.


Internal statistics:

num_allocs_failed_limit: 0.
num_arena_births: 190.
num_arena_deaths: 0.
num_vsnodes_births: 2.
num_vsnodes_deaths: 0.
num_space_committed: 88.
num_space_uncommitted: 0.
num_chunks_returned_to_freelist: 0.
num_chunks_taken_from_freelist: 291.
num_chunk_merges: 0.
num_chunk_splits: 186.
num_chunks_enlarged: 112.
num_inconsistent_stats: 0.

CodeHeap 'non-profiled nmethods': size=120000Kb used=500Kb max_used=500Kb free=119500Kb
 bounds [0x0000020507ad0000, 0x0000020507d40000, 0x000002050f000000]
CodeHeap 'profiled nmethods': size=120000Kb used=2055Kb max_used=2055Kb free=117944Kb
 bounds [0x0000020500000000, 0x0000020500270000, 0x0000020507530000]
CodeHeap 'non-nmethods': size=5760Kb used=1214Kb max_used=1229Kb free=4545Kb
 bounds [0x0000020507530000, 0x00000205077a0000, 0x0000020507ad0000]
CodeCache: size=245760Kb, used=3769Kb, max_used=3784Kb, free=241989Kb
 total_blobs=1726, nmethods=1258, adapters=375, full_count=0
Compilation: enabled, stopped_count=0, restarted_count=0

Compilation events (20 events):
Event: 3.576 Thread 0x0000020570b63f70 1250       4       java.lang.StringLatin1::toUpperCase (186 bytes)
Event: 3.581 Thread 0x0000020570bdf290 1251   !   3       java.util.zip.ZipFile$Source::readFullyAt (74 bytes)
Event: 3.582 Thread 0x0000020570bdf290 nmethod 1251 0x00000205001fe590 code [0x00000205001fe780, 0x00000205001febc8]
Event: 3.583 Thread 0x0000020570bdf290 1252       3       java.lang.ref.Reference::clear (5 bytes)
Event: 3.583 Thread 0x0000020570bdf290 nmethod 1252 0x00000205001fee90 code [0x00000205001ff040, 0x00000205001ff178]
Event: 3.598 Thread 0x0000020570bdf290 1253   !   3       java.util.zip.Inflater::setInput (56 bytes)
Event: 3.599 Thread 0x0000020570bdf290 nmethod 1253 0x00000205001ff210 code [0x00000205001ff3e0, 0x00000205001ff760]
Event: 3.600 Thread 0x0000020570bdf290 1254       3       java.util.zip.ZipFile$ZipFileInflaterInputStream::fill (80 bytes)
Event: 3.600 Thread 0x0000020570bdf290 nmethod 1254 0x00000205001ff910 code [0x00000205001ffb00, 0x00000205001ffe80]
Event: 3.600 Thread 0x0000020570bdf290 1255   !   3       java.util.zip.ZipFile$ZipFileInputStream::read (135 bytes)
Event: 3.601 Thread 0x0000020570b63f70 nmethod 1250 0x0000020507b4b790 code [0x0000020507b4b980, 0x0000020507b4c290]
Event: 3.601 Thread 0x0000020570b63f70 1257       4       java.lang.String::<init> (98 bytes)
Event: 3.601 Thread 0x0000020570bdf290 nmethod 1255 0x0000020500200010 code [0x0000020500200240, 0x0000020500200920]
Event: 3.601 Thread 0x0000020570bdf290 1256   !   3       java.util.zip.ZipFile$Source::readAt (39 bytes)
Event: 3.602 Thread 0x0000020570bdf290 nmethod 1256 0x0000020500200d10 code [0x0000020500200ee0, 0x0000020500201220]
Event: 3.602 Thread 0x0000020570bdf290 1258       3       java.lang.reflect.Constructor::newInstance (34 bytes)
Event: 3.602 Thread 0x0000020570bdf290 nmethod 1258 0x0000020500201490 code [0x0000020500201660, 0x0000020500201890]
Event: 3.602 Thread 0x0000020570bdf290 1259       3       java.lang.reflect.Constructor::newInstanceWithCaller (51 bytes)
Event: 3.602 Thread 0x0000020570bdf290 nmethod 1259 0x0000020500201990 code [0x0000020500201b60, 0x0000020500201e38]
Event: 3.606 Thread 0x0000020570b63f70 nmethod 1257 0x0000020507b4c690 code [0x0000020507b4c840, 0x0000020507b4cd88]

GC Heap History (2 events):
Event: 2.776 GC heap before
{Heap before GC invocations=1 (full 0):
 PSYoungGen      total 29696K, used 25600K [0x00000000d5580000, 0x00000000d7680000, 0x0000000100000000)
  eden space 25600K, 100% used [0x00000000d5580000,0x00000000d6e80000,0x00000000d6e80000)
  from space 4096K, 0% used [0x00000000d7280000,0x00000000d7280000,0x00000000d7680000)
  to   space 4096K, 0% used [0x00000000d6e80000,0x00000000d6e80000,0x00000000d7280000)
 ParOldGen       total 68608K, used 0K [0x0000000080000000, 0x0000000084300000, 0x00000000d5580000)
  object space 68608K, 0% used [0x0000000080000000,0x0000000080000000,0x0000000084300000)
 Metaspace       used 4374K, committed 4608K, reserved 1114112K
  class space    used 475K, committed 576K, reserved 1048576K
}
Event: 2.806 GC heap after
{Heap after GC invocations=1 (full 0):
 PSYoungGen      total 29696K, used 3271K [0x00000000d5580000, 0x00000000d7680000, 0x0000000100000000)
  eden space 25600K, 0% used [0x00000000d5580000,0x00000000d5580000,0x00000000d6e80000)
  from space 4096K, 79% used [0x00000000d6e80000,0x00000000d71b1e98,0x00000000d7280000)
  to   space 4096K, 0% used [0x00000000d7280000,0x00000000d7280000,0x00000000d7680000)
 ParOldGen       total 68608K, used 0K [0x0000000080000000, 0x0000000084300000, 0x00000000d5580000)
  object space 68608K, 0% used [0x0000000080000000,0x0000000080000000,0x0000000084300000)
 Metaspace       used 4374K, committed 4608K, reserved 1114112K
  class space    used 475K, committed 576K, reserved 1048576K
}

Dll operation events (8 events):
Event: 0.118 Loaded shared library c:\Users\Usuario\.vscode\extensions\redhat.java-1.53.0-win32-x64\jre\21.0.10-win32-x86_64\bin\java.dll
Event: 0.162 Loaded shared library c:\Users\Usuario\.vscode\extensions\redhat.java-1.53.0-win32-x64\jre\21.0.10-win32-x86_64\bin\zip.dll
Event: 0.339 Loaded shared library C:\Users\Usuario\.vscode\extensions\redhat.java-1.53.0-win32-x64\jre\21.0.10-win32-x86_64\bin\instrument.dll
Event: 0.346 Loaded shared library C:\Users\Usuario\.vscode\extensions\redhat.java-1.53.0-win32-x64\jre\21.0.10-win32-x86_64\bin\net.dll
Event: 0.351 Loaded shared library C:\Users\Usuario\.vscode\extensions\redhat.java-1.53.0-win32-x64\jre\21.0.10-win32-x86_64\bin\nio.dll
Event: 0.355 Loaded shared library C:\Users\Usuario\.vscode\extensions\redhat.java-1.53.0-win32-x64\jre\21.0.10-win32-x86_64\bin\zip.dll
Event: 0.387 Loaded shared library C:\Users\Usuario\.vscode\extensions\redhat.java-1.53.0-win32-x64\jre\21.0.10-win32-x86_64\bin\jimage.dll
Event: 0.643 Loaded shared library c:\Users\Usuario\.vscode\extensions\redhat.java-1.53.0-win32-x64\jre\21.0.10-win32-x86_64\bin\verify.dll

Deoptimization events (20 events):
Event: 2.921 Thread 0x000002056e899270 Uncommon trap: trap_request=0xffffffde fr.pc=0x0000020507b2394c relative=0x00000000000005ac
Event: 2.921 Thread 0x000002056e899270 Uncommon trap: reason=class_check action=maybe_recompile pc=0x0000020507b2394c method=java.util.Collections$UnmodifiableCollection$1.<init>(Ljava/util/Collections$UnmodifiableCollection;)V @ 17 c2
Event: 2.921 Thread 0x000002056e899270 DEOPT PACKING pc=0x0000020507b2394c sp=0x000000400dcfe990
Event: 2.921 Thread 0x000002056e899270 DEOPT UNPACKING pc=0x0000020507586da2 sp=0x000000400dcfe8d8 mode 2
Event: 2.921 Thread 0x000002056e899270 Uncommon trap: trap_request=0xffffff45 fr.pc=0x0000020507b352b8 relative=0x0000000000000278
Event: 2.921 Thread 0x000002056e899270 Uncommon trap: reason=unstable_if action=reinterpret pc=0x0000020507b352b8 method=java.util.HashMap.hash(Ljava/lang/Object;)I @ 1 c2
Event: 2.921 Thread 0x000002056e899270 DEOPT PACKING pc=0x0000020507b352b8 sp=0x000000400dcfe940
Event: 2.921 Thread 0x000002056e899270 DEOPT UNPACKING pc=0x0000020507586da2 sp=0x000000400dcfe7d8 mode 2
Event: 2.923 Thread 0x000002056e899270 Uncommon trap: trap_request=0xffffff45 fr.pc=0x0000020507b383bc relative=0x000000000000027c
Event: 2.923 Thread 0x000002056e899270 Uncommon trap: reason=unstable_if action=reinterpret pc=0x0000020507b383bc method=java.util.HashMap.hash(Ljava/lang/Object;)I @ 1 c2
Event: 2.923 Thread 0x000002056e899270 DEOPT PACKING pc=0x0000020507b383bc sp=0x000000400dcfe8b0
Event: 2.923 Thread 0x000002056e899270 DEOPT UNPACKING pc=0x0000020507586da2 sp=0x000000400dcfe7b8 mode 2
Event: 2.923 Thread 0x000002056e899270 Uncommon trap: trap_request=0xffffff45 fr.pc=0x0000020507b3a8d0 relative=0x00000000000000b0
Event: 2.923 Thread 0x000002056e899270 Uncommon trap: reason=unstable_if action=reinterpret pc=0x0000020507b3a8d0 method=java.util.HashMap.hash(Ljava/lang/Object;)I @ 1 c2
Event: 2.923 Thread 0x000002056e899270 DEOPT PACKING pc=0x0000020507b3a8d0 sp=0x000000400dcfe960
Event: 2.923 Thread 0x000002056e899270 DEOPT UNPACKING pc=0x0000020507586da2 sp=0x000000400dcfe8f8 mode 2
Event: 2.923 Thread 0x000002056e899270 Uncommon trap: trap_request=0xffffffde fr.pc=0x0000020507b2394c relative=0x00000000000005ac
Event: 2.923 Thread 0x000002056e899270 Uncommon trap: reason=class_check action=maybe_recompile pc=0x0000020507b2394c method=java.util.Collections$UnmodifiableCollection$1.<init>(Ljava/util/Collections$UnmodifiableCollection;)V @ 17 c2
Event: 2.923 Thread 0x000002056e899270 DEOPT PACKING pc=0x0000020507b2394c sp=0x000000400dcfe990
Event: 2.923 Thread 0x000002056e899270 DEOPT UNPACKING pc=0x0000020507586da2 sp=0x000000400dcfe8d8 mode 2

Classes loaded (20 events):
Event: 3.055 Loading class sun/nio/ch/NativeThreadSet
Event: 3.055 Loading class sun/nio/ch/NativeThreadSet done
Event: 3.056 Loading class sun/nio/ch/FileLockImpl
Event: 3.056 Loading class java/nio/channels/FileLock
Event: 3.056 Loading class java/nio/channels/FileLock done
Event: 3.056 Loading class sun/nio/ch/FileLockImpl done
Event: 3.056 Loading class sun/nio/ch/NativeThread
Event: 3.056 Loading class sun/nio/ch/NativeThread done
Event: 3.056 Loading class sun/nio/ch/FileLockTable
Event: 3.056 Loading class sun/nio/ch/FileLockTable done
Event: 3.056 Loading class sun/nio/ch/FileKey
Event: 3.056 Loading class sun/nio/ch/FileKey done
Event: 3.056 Loading class sun/nio/ch/FileLockTable$FileLockReference
Event: 3.056 Loading class sun/nio/ch/FileLockTable$FileLockReference done
Event: 3.060 Loading class java/io/DeleteOnExitHook
Event: 3.060 Loading class java/io/DeleteOnExitHook done
Event: 3.060 Loading class java/io/DeleteOnExitHook$1
Event: 3.061 Loading class java/io/DeleteOnExitHook$1 done
Event: 3.062 Loading class java/util/ComparableTimSort
Event: 3.062 Loading class java/util/ComparableTimSort done

Classes unloaded (0 events):
No events

Classes redefined (0 events):
No events

Internal exceptions (20 events):
Event: 1.712 Thread 0x000002056e899270 Exception <a 'java/io/FileNotFoundException'{0x00000000d64c2180}> (0x00000000d64c2180) 
thrown [s\src\hotspot\share\prims\jni.cpp, line 520]
Event: 1.712 Thread 0x000002056e899270 Exception <a 'java/io/FileNotFoundException'{0x00000000d64c2e40}> (0x00000000d64c2e40) 
thrown [s\src\hotspot\share\prims\jni.cpp, line 520]
Event: 1.712 Thread 0x000002056e899270 Exception <a 'java/io/FileNotFoundException'{0x00000000d64c39e0}> (0x00000000d64c39e0) 
thrown [s\src\hotspot\share\prims\jni.cpp, line 520]
Event: 1.718 Thread 0x000002056e899270 Implicit null exception at 0x0000020507aff024 to 0x0000020507aff624
Event: 1.741 Thread 0x000002056e899270 Exception <a 'java/io/FileNotFoundException'{0x00000000d64fbea8}> (0x00000000d64fbea8) 
thrown [s\src\hotspot\share\prims\jni.cpp, line 520]
Event: 1.769 Thread 0x000002056e899270 Exception <a 'java/lang/NoSuchMethodError'{0x00000000d65355b0}: 'java.lang.Object java.lang.invoke.DirectMethodHandle$Holder.invokeInterface(java.lang.Object, java.lang.Object)'> (0x00000000d65355b0) 
thrown [s\src\hotspot\share\interpreter\linkResolver.cpp, line 773]
Event: 1.773 Thread 0x000002056e899270 Exception <a 'java/lang/NoSuchMethodError'{0x00000000d6548b48}: 'java.lang.Object java.lang.invoke.Invokers$Holder.invokeExact_MT(java.lang.Object, java.lang.Object, java.lang.Object, java.lang.Object, java.lang.Object, java.lang.Object)'> (0x00000000d6548b48) 
thrown [s\src\hotspot\share\interpreter\linkResolver.cpp, line 773]
Event: 1.778 Thread 0x000002056e899270 Exception <a 'java/lang/NoSuchMethodError'{0x00000000d655fc20}: 'int java.lang.invoke.DirectMethodHandle$Holder.invokeStatic(java.lang.Object, java.lang.Object, java.lang.Object, java.lang.Object, java.lang.Object)'> (0x00000000d655fc20) 
thrown [s\src\hotspot\share\interpreter\linkResolver.cpp, line 773]
Event: 1.884 Thread 0x000002056e899270 Exception <a 'java/lang/NoSuchMethodError'{0x00000000d65f3668}: 'java.lang.Object java.lang.invoke.DirectMethodHandle$Holder.invokeInterface(java.lang.Object, java.lang.Object, int)'> (0x00000000d65f3668) 
thrown [s\src\hotspot\share\interpreter\linkResolver.cpp, line 773]
Event: 2.611 Thread 0x000002056e899270 Exception <a 'java/lang/NoSuchMethodError'{0x00000000d6a59ab8}: 'java.lang.ClassLoader java.lang.ClassLoader.getPlatformClassLoader(java.lang.Class)'> (0x00000000d6a59ab8) 
thrown [s\src\hotspot\share\interpreter\linkResolver.cpp, line 773]
Event: 2.759 Thread 0x000002056e899270 Exception <a 'java/lang/ClassNotFoundException'{0x00000000d6e79350}: sun/net/www/protocol/c/Handler> (0x00000000d6e79350) 
thrown [s\src\hotspot\share\classfile\systemDictionary.cpp, line 312]
Event: 2.760 Thread 0x000002056e899270 Exception <a 'java/lang/ClassNotFoundException'{0x00000000d6e7a6e0}: sun/net/www/protocol/d/Handler> (0x00000000d6e7a6e0) 
thrown [s\src\hotspot\share\classfile\systemDictionary.cpp, line 312]
Event: 2.769 Thread 0x000002056e899270 Exception <a 'java/lang/ClassNotFoundException'{0x00000000d6e7b8a0}: sun/net/www/protocol/c/Handler> (0x00000000d6e7b8a0) 
thrown [s\src\hotspot\share\classfile\systemDictionary.cpp, line 312]
Event: 2.815 Thread 0x000002056e899270 Exception <a 'java/io/FileNotFoundException'{0x00000000d55a40c8}> (0x00000000d55a40c8) 
thrown [s\src\hotspot\share\prims\jni.cpp, line 520]
Event: 2.921 Thread 0x000002056e899270 Implicit null exception at 0x0000020507b40dc9 to 0x0000020507b418b4
Event: 2.921 Thread 0x000002056e899270 Implicit null exception at 0x0000020507b3509a to 0x0000020507b352a0
Event: 2.922 Thread 0x000002056e899270 Exception <a 'java/lang/NoSuchMethodError'{0x00000000d56d43c0}: 'void java.lang.invoke.DirectMethodHandle$Holder.invokeStatic(java.lang.Object, java.lang.Object, java.lang.Object, java.lang.Object)'> (0x00000000d56d43c0) 
thrown [s\src\hotspot\share\interpreter\linkResolver.cpp, line 773]
Event: 2.923 Thread 0x000002056e899270 Implicit null exception at 0x0000020507b3819a to 0x0000020507b383a4
Event: 2.923 Thread 0x000002056e899270 Implicit null exception at 0x0000020507b3a83d to 0x0000020507b3a8c1
Event: 3.575 Thread 0x000002056e899270 Exception <a 'java/lang/NoSuchMethodError'{0x00000000d5999e38}: 'void java.lang.invoke.DirectMethodHandle$Holder.invokeSpecial(java.lang.Object, java.lang.Object, java.lang.Object)'> (0x00000000d5999e38) 
thrown [s\src\hotspot\share\interpreter\linkResolver.cpp, line 773]

ZGC Phase Switch (0 events):
No events

VM Operations (15 events):
Event: 0.303 Executing non-safepoint VM operation: HandshakeAllThreads (Deoptimize)
Event: 0.303 Executing non-safepoint VM operation: HandshakeAllThreads (Deoptimize) done
Event: 0.402 Executing non-safepoint VM operation: HandshakeAllThreads (Deoptimize)
Event: 0.402 Executing non-safepoint VM operation: HandshakeAllThreads (Deoptimize) done
Event: 1.404 Executing safepoint VM operation: Cleanup
Event: 1.436 Executing safepoint VM operation: Cleanup done
Event: 1.604 Executing non-safepoint VM operation: HandshakeAllThreads (Deoptimize)
Event: 1.604 Executing non-safepoint VM operation: HandshakeAllThreads (Deoptimize) done
Event: 1.631 Executing non-safepoint VM operation: HandshakeAllThreads (Deoptimize)
Event: 1.631 Executing non-safepoint VM operation: HandshakeAllThreads (Deoptimize) done
Event: 2.644 Executing safepoint VM operation: Cleanup
Event: 2.644 Executing safepoint VM operation: Cleanup done
Event: 2.776 Executing safepoint VM operation: ParallelGCFailedAllocation (Allocation Failure)
Event: 2.806 Executing safepoint VM operation: ParallelGCFailedAllocation (Allocation Failure) done
Event: 3.809 Executing safepoint VM operation: Cleanup

Memory protections (0 events):
No events

Nmethod flushes (0 events):
No events

Events (17 events):
Event: 0.135 Thread 0x000002056e899270 Thread added: 0x000002056e899270
Event: 0.165 Thread 0x000002056e899270 Thread added: 0x0000020570d231e0
Event: 0.165 Thread 0x000002056e899270 Thread added: 0x0000020570d267d0
Event: 0.165 Thread 0x000002056e899270 Thread added: 0x0000020570d298e0
Event: 0.165 Thread 0x000002056e899270 Thread added: 0x0000020570d2e460
Event: 0.165 Thread 0x000002056e899270 Thread added: 0x0000020570b5ff60
Event: 0.166 Thread 0x000002056e899270 Thread added: 0x0000020570b609c0
Event: 0.166 Thread 0x000002056e899270 Thread added: 0x0000020570b63f70
Event: 0.179 Thread 0x000002056e899270 Thread added: 0x0000020570bdf290
Event: 0.342 Thread 0x000002056e899270 Thread added: 0x000002057937ead0
Event: 0.513 Thread 0x0000020570bdf290 Thread added: 0x00000205793bcee0
Event: 0.787 Thread 0x00000205793bcee0 Thread exited: 0x00000205793bcee0
Event: 0.996 Thread 0x000002056e899270 Thread added: 0x00000205793b6ee0
Event: 1.370 Thread 0x0000020570bdf290 Thread added: 0x00000205794da010
Event: 1.889 Thread 0x00000205794da010 Thread exited: 0x00000205794da010
Event: 2.670 Thread 0x0000020570bdf290 Thread added: 0x00000205799c0550
Event: 2.922 Thread 0x00000205799c0550 Thread exited: 0x00000205799c0550


Dynamic libraries:
0x00007ff679360000 - 0x00007ff67936e000 	c:\Users\Usuario\.vscode\extensions\redhat.java-1.53.0-win32-x64\jre\21.0.10-win32-x86_64\bin\java.exe
0x00007ffc90620000 - 0x00007ffc90887000 	C:\WINDOWS\SYSTEM32\ntdll.dll
0x00007ffc8efe0000 - 0x00007ffc8f0a9000 	C:\WINDOWS\System32\KERNEL32.DLL
0x00007ffc8cfc0000 - 0x00007ffc8d3b1000 	C:\WINDOWS\System32\KERNELBASE.dll
0x00007ffc8d8c0000 - 0x00007ffc8da0b000 	C:\WINDOWS\System32\ucrtbase.dll
0x00007ffc5b980000 - 0x00007ffc5b998000 	c:\Users\Usuario\.vscode\extensions\redhat.java-1.53.0-win32-x64\jre\21.0.10-win32-x86_64\bin\jli.dll
0x00007ffc8f880000 - 0x00007ffc8fa45000 	C:\WINDOWS\System32\USER32.dll
0x00007ffc8d3c0000 - 0x00007ffc8d3e7000 	C:\WINDOWS\System32\win32u.dll
0x00007ffc8e3c0000 - 0x00007ffc8e3eb000 	C:\WINDOWS\System32\GDI32.dll
0x00007ffc8d620000 - 0x00007ffc8d74b000 	C:\WINDOWS\System32\gdi32full.dll
0x00007ffc8e280000 - 0x00007ffc8e323000 	C:\WINDOWS\System32\msvcp_win.dll
0x00007ffc5b960000 - 0x00007ffc5b97e000 	c:\Users\Usuario\.vscode\extensions\redhat.java-1.53.0-win32-x64\jre\21.0.10-win32-x86_64\bin\VCRUNTIME140.dll
0x00007ffc6d4f0000 - 0x00007ffc6d783000 	C:\WINDOWS\WinSxS\amd64_microsoft.windows.common-controls_6595b64144ccf1df_6.0.26100.8037_none_3e092faae333b53b\COMCTL32.dll
0x00007ffc8f670000 - 0x00007ffc8f719000 	C:\WINDOWS\System32\msvcrt.dll
0x00007ffc8e780000 - 0x00007ffc8e7b1000 	C:\WINDOWS\System32\IMM32.DLL
0x00007ffc35960000 - 0x00007ffc3596c000 	c:\Users\Usuario\.vscode\extensions\redhat.java-1.53.0-win32-x64\jre\21.0.10-win32-x86_64\bin\vcruntime140_1.dll
0x00007ffc350d0000 - 0x00007ffc3515d000 	c:\Users\Usuario\.vscode\extensions\redhat.java-1.53.0-win32-x64\jre\21.0.10-win32-x86_64\bin\msvcp140.dll
0x00007ffbb0f00000 - 0x00007ffbb1ca1000 	c:\Users\Usuario\.vscode\extensions\redhat.java-1.53.0-win32-x64\jre\21.0.10-win32-x86_64\bin\server\jvm.dll
0x00007ffc8fd60000 - 0x00007ffc8fe1b000 	C:\WINDOWS\System32\ADVAPI32.dll
0x00007ffc8e3f0000 - 0x00007ffc8e497000 	C:\WINDOWS\System32\sechost.dll
0x00007ffc8e4a0000 - 0x00007ffc8e5b8000 	C:\WINDOWS\System32\RPCRT4.dll
0x00007ffc8fcd0000 - 0x00007ffc8fd44000 	C:\WINDOWS\System32\WS2_32.dll
0x00007ffc8cd60000 - 0x00007ffc8cdbe000 	C:\WINDOWS\SYSTEM32\POWRPROF.dll
0x00007ffc73340000 - 0x00007ffc73375000 	C:\WINDOWS\SYSTEM32\WINMM.dll
0x00007ffc81a40000 - 0x00007ffc81a4b000 	C:\WINDOWS\SYSTEM32\VERSION.dll
0x00007ffc8cd40000 - 0x00007ffc8cd54000 	C:\WINDOWS\SYSTEM32\UMPDC.dll
0x00007ffc8bc70000 - 0x00007ffc8bc8b000 	C:\WINDOWS\SYSTEM32\kernel.appcore.dll
0x00007ffc35950000 - 0x00007ffc3595a000 	c:\Users\Usuario\.vscode\extensions\redhat.java-1.53.0-win32-x64\jre\21.0.10-win32-x86_64\bin\jimage.dll
0x00007ffc8ad30000 - 0x00007ffc8af72000 	C:\WINDOWS\SYSTEM32\DBGHELP.DLL
0x00007ffc8e7f0000 - 0x00007ffc8eb72000 	C:\WINDOWS\System32\combase.dll
0x00007ffc8f0b0000 - 0x00007ffc8f187000 	C:\WINDOWS\System32\OLEAUT32.dll
0x00007ffc6c5e0000 - 0x00007ffc6c61b000 	C:\WINDOWS\SYSTEM32\dbgcore.DLL
0x00007ffc8d570000 - 0x00007ffc8d615000 	C:\WINDOWS\System32\bcryptPrimitives.dll
0x00007ffc35940000 - 0x00007ffc3594f000 	c:\Users\Usuario\.vscode\extensions\redhat.java-1.53.0-win32-x64\jre\21.0.10-win32-x86_64\bin\instrument.dll
0x00007ffc350b0000 - 0x00007ffc350d0000 	c:\Users\Usuario\.vscode\extensions\redhat.java-1.53.0-win32-x64\jre\21.0.10-win32-x86_64\bin\java.dll
0x00007ffc8fe20000 - 0x00007ffc9057f000 	C:\WINDOWS\System32\SHELL32.dll
0x00007ffc8d750000 - 0x00007ffc8d8ba000 	C:\WINDOWS\System32\wintypes.dll
0x00007ffc8da10000 - 0x00007ffc8e274000 	C:\WINDOWS\System32\windows.storage.dll
0x00007ffc8ee50000 - 0x00007ffc8ef47000 	C:\WINDOWS\System32\SHCORE.dll
0x00007ffc8ede0000 - 0x00007ffc8ee47000 	C:\WINDOWS\System32\shlwapi.dll
0x00007ffc8ce20000 - 0x00007ffc8ce49000 	C:\WINDOWS\SYSTEM32\profapi.dll
0x00007ffc35070000 - 0x00007ffc35088000 	c:\Users\Usuario\.vscode\extensions\redhat.java-1.53.0-win32-x64\jre\21.0.10-win32-x86_64\bin\zip.dll
0x00007ffc35900000 - 0x00007ffc35910000 	C:\Users\Usuario\.vscode\extensions\redhat.java-1.53.0-win32-x64\jre\21.0.10-win32-x86_64\bin\net.dll
0x00007ffc7f7a0000 - 0x00007ffc7f8c7000 	C:\WINDOWS\SYSTEM32\WINHTTP.dll
0x00007ffc8c200000 - 0x00007ffc8c26b000 	C:\WINDOWS\system32\mswsock.dll
0x00007ffc35050000 - 0x00007ffc35066000 	C:\Users\Usuario\.vscode\extensions\redhat.java-1.53.0-win32-x64\jre\21.0.10-win32-x86_64\bin\nio.dll
0x00007ffc357e0000 - 0x00007ffc357f0000 	c:\Users\Usuario\.vscode\extensions\redhat.java-1.53.0-win32-x64\jre\21.0.10-win32-x86_64\bin\verify.dll

JVMTI agents:
c:\Users\Usuario\.vscode\extensions\redhat.java-1.53.0-win32-x64\lombok\lombok-1.18.39-4050.jar path:c:\Users\Usuario\.vscode\extensions\redhat.java-1.53.0-win32-x64\jre\21.0.10-win32-x86_64\bin\instrument.dll, loaded, initialized, instrumentlib options:none

dbghelp: loaded successfully - version: 4.0.5 - missing functions: none
symbol engine: initialized successfully - sym options: 0x614 - pdb path: .;c:\Users\Usuario\.vscode\extensions\redhat.java-1.53.0-win32-x64\jre\21.0.10-win32-x86_64\bin;C:\WINDOWS\SYSTEM32;C:\WINDOWS\WinSxS\amd64_microsoft.windows.common-controls_6595b64144ccf1df_6.0.26100.8037_none_3e092faae333b53b;c:\Users\Usuario\.vscode\extensions\redhat.java-1.53.0-win32-x64\jre\21.0.10-win32-x86_64\bin\server

VM Arguments:
jvm_args: --add-modules=ALL-SYSTEM --add-opens=java.base/java.util=ALL-UNNAMED --add-opens=java.base/java.lang=ALL-UNNAMED --add-opens=java.base/sun.nio.fs=ALL-UNNAMED -Declipse.application=org.eclipse.jdt.ls.core.id1 -Dosgi.bundles.defaultStartLevel=4 -Declipse.product=org.eclipse.jdt.ls.core.product -Djava.import.generatesMetadataFilesAtProjectRoot=false -DDetectVMInstallationsJob.disabled=true -Dfile.encoding=utf8 -XX:+UseParallelGC -XX:GCTimeRatio=4 -XX:AdaptiveSizePolicyWeight=90 -Dsun.zip.disableMemoryMapping=true -Xmx2G -Xms100m -Xlog:disable -javaagent:c:\Users\Usuario\.vscode\extensions\redhat.java-1.53.0-win32-x64\lombok\lombok-1.18.39-4050.jar 
java_command: c:\Users\Usuario\.vscode\extensions\redhat.java-1.53.0-win32-x64\server\plugins\org.eclipse.equinox.launcher_1.7.100.v20251111-0406.jar -configuration c:\Users\Usuario\AppData\Roaming\Code\User\globalStorage\redhat.java\1.53.0\config_ss_win -data c:\Users\Usuario\AppData\Roaming\Code\User\workspaceStorage\1e0a85bc105a14e355e8bfcd29007be1\redhat.java\ss_ws --pipe=\\.\pipe\lsp-38266216d3347dfd3e300ff0afdeca8e-sock
java_class_path (initial): c:\Users\Usuario\.vscode\extensions\redhat.java-1.53.0-win32-x64\server\plugins\org.eclipse.equinox.launcher_1.7.100.v20251111-0406.jar
Launcher Type: SUN_STANDARD

[Global flags]
    uintx AdaptiveSizePolicyWeight                 = 90                                        {product} {command line}
     intx CICompilerCount                          = 3                                         {product} {ergonomic}
    uintx GCTimeRatio                              = 4                                         {product} {command line}
   size_t InitialHeapSize                          = 104857600                                 {product} {command line}
   size_t MaxHeapSize                              = 2147483648                                {product} {command line}
   size_t MaxNewSize                               = 715653120                                 {product} {ergonomic}
   size_t MinHeapDeltaBytes                        = 524288                                    {product} {ergonomic}
   size_t MinHeapSize                              = 104857600                                 {product} {command line}
   size_t NewSize                                  = 34603008                                  {product} {ergonomic}
    uintx NonNMethodCodeHeapSize                   = 5832780                                {pd product} {ergonomic}
    uintx NonProfiledCodeHeapSize                  = 122912730                              {pd product} {ergonomic}
   size_t OldSize                                  = 70254592                                  {product} {ergonomic}
    uintx ProfiledCodeHeapSize                     = 122912730                              {pd product} {ergonomic}
    uintx ReservedCodeCacheSize                    = 251658240                              {pd product} {ergonomic}
     bool SegmentedCodeCache                       = true                                      {product} {ergonomic}
   size_t SoftMaxHeapSize                          = 2147483648                             {manageable} {ergonomic}
     bool UseCompressedOops                        = true                           {product lp64_product} {ergonomic}
     bool UseLargePagesIndividualAllocation        = false                                  {pd product} {ergonomic}
     bool UseParallelGC                            = true                                      {product} {command line}

Logging:
Log output configuration:
 #0: stdout all=off uptime,level,tags foldmultilines=false
 #1: stderr all=off uptime,level,tags foldmultilines=false

Release file:
JAVA_VERSION="21.0.10" 
MODULES="java.base java.compiler java.datatransfer java.xml java.prefs java.desktop java.instrument java.logging java.management java.security.sasl java.naming java.rmi java.management.rmi java.net.http java.scripting java.security.jgss java.transaction.xa java.sql java.sql.rowset java.xml.crypto java.se java.smartcardio jdk.accessibility jdk.internal.jvmstat jdk.attach jdk.charsets jdk.internal.opt jdk.zipfs jdk.compiler jdk.crypto.ec jdk.crypto.cryptoki jdk.crypto.mscapi jdk.dynalink jdk.internal.ed jdk.editpad jdk.hotspot.agent jdk.httpserver jdk.internal.le jdk.internal.vm.ci jdk.internal.vm.compiler jdk.internal.vm.compiler.management jdk.jartool jdk.javadoc jdk.jcmd jdk.management jdk.management.agent jdk.jconsole jdk.jdeps jdk.jdwp.agent jdk.jdi jdk.jfr jdk.jshell jdk.jsobject jdk.jstatd jdk.localedata jdk.management.jfr jdk.naming.dns jdk.naming.rmi jdk.net jdk.nio.mapmode jdk.random jdk.sctp jdk.security.auth jdk.security.jgss jdk.unsupported jdk.unsupported.desktop jdk.xml.dom" 

Environment Variables:
JAVA_HOME=C:\Program Files\Java\jdk-21
PATH=C:\Users\Usuario\AppData\Local\Programs\Microsoft VS Code;C:\Program Files\Google\Chrome\Application;C:\Python313\Scripts\;C:\Python313\;C:\Program Files\Java\jdk-21\bin;C:\app\Usuario\product\21c\dbhomeXE\bin;C:\Users\Usuario\AppData\Local\Programs\Python\Python310\Scripts\;C:\Users\Usuario\AppData\Local\Programs\Python\Python310\;C:\Python310\Scripts\;C:\Python310\;C:\Program Files\Common Files\Oracle\Java\javapath;C:\WINDOWS\system32;C:\WINDOWS;C:\WINDOWS\System32\Wbem;C:\WINDOWS\System32\WindowsPowerShell\v1.0\;C:\WINDOWS\System32\OpenSSH\;C:\Program Files (x86)\HP\Common\HPDestPlgIn\;C:\ProgramData\chocolatey\bin;D:\Program Files\MongoDB\Server\4.4\bin;C:\Program Files\Git\cmd;D:\node.js\;C:\Program Files\Microsoft SQL Server\170\DTS\Binn\;C:\Users\Usuario\.local\bin;C:\Program Files\MySQL\MySQL Shell 8.0\bin\;C:\Users\Usuario\.console-ninja\.bin;C:\Users\Usuario\AppData\Local\Programs\Python\Python311\Scripts\;C:\Users\Usuario\AppData\Local\Programs\Python\Python311\;C:\Users\Usuario\.cargo\bin;C:\Users\Usuario\AppData\Local\Microsoft\WindowsApps;C:\Users\Usuario\AppData\Local\GitHubDesktop\bin;C:\Program Files (x86)\HP\Common\HPDestPlgIn\;C:\Users\Usuario\AppData\Local\Programs\Microsoft VS Code\bin;C:\flutter\bin;C:\Program Files\kotlinc\bin;C:\Users\Usuario\AppData\Local\JetBrains\Toolbox\scripts;%IntelliJ IDEA Community Edition%;C:\Users\Usuario\AppData\Local\Microsoft\WindowsApps;C:\Users\Usuario\AppData\Roaming\npm;C:\Users\Usuario\AppData\Local\Programs\cursor\resources\app\bin;C:\Users\Usuario\AppData\Local\Programs\Antigravity\bin
USERNAME=Usuario
OS=Windows_NT
PROCESSOR_IDENTIFIER=Intel64 Family 6 Model 126 Stepping 5, GenuineIntel
TMP=C:\Users\Usuario\AppData\Local\Temp
TEMP=C:\Users\Usuario\AppData\Local\Temp




Periodic native trim disabled

---------------  S Y S T E M  ---------------

OS:
 Windows 11 , 64 bit Build 26100 (10.0.26100.7920)
OS uptime: 0 days 0:17 hours
Hyper-V role detected

CPU: total 4 (initial active 4) (2 cores per cpu, 2 threads per core) family 6 model 126 stepping 5 microcode 0x96, cx8, cmov, fxsr, ht, mmx, 3dnowpref, sse, sse2, sse3, ssse3, sse4.1, sse4.2, popcnt, lzcnt, tsc, tscinvbit, avx, avx2, aes, erms, clmul, bmi1, bmi2, adx, avx512f, avx512dq, avx512cd, avx512bw, avx512vl, sha, fma, vzeroupper, avx512_vpopcntdq, avx512_vpclmulqdq, avx512_vaes, avx512_vnni, clflush, clflushopt, avx512_vbmi2, avx512_vbmi, hv, rdtscp, rdpid, fsrm, gfni, avx512_bitalg, f16c, avx512_ifma
Processor Information for processor 0
  Max Mhz: 1190, Current Mhz: 1190, Mhz Limit: 1190
Processor Information for processor 1
  Max Mhz: 1190, Current Mhz: 1190, Mhz Limit: 1190
Processor Information for processor 2
  Max Mhz: 1190, Current Mhz: 1190, Mhz Limit: 1190
Processor Information for processor 3
  Max Mhz: 1190, Current Mhz: 991, Mhz Limit: 1190

Memory: 4k page, system-wide physical 7880M (1050M free)
TotalPageFile size 15048M (AvailPageFile size 3M)
current process WorkingSet (physical memory assigned to process): 83M, peak: 83M
current process commit charge ("private bytes"): 222M, peak: 223M

vm_info: OpenJDK 64-Bit Server VM (21.0.10+7-LTS) for windows-amd64 JRE (21.0.10+7-LTS), built on 2026-01-20T00:00:00Z by "admin" with MS VC++ 17.12 (VS2022)

END.
