#
# There is insufficient memory for the Java Runtime Environment to continue.
# Native memory allocation (malloc) failed to allocate 308496 bytes. Error detail: Chunk::new
# Possible reasons:
#   The system is out of physical RAM or swap space
#   This process is running with CompressedOops enabled, and the Java Heap may be blocking the growth of the native heap
# Possible solutions:
#   Reduce memory load on the system
#   Increase physical memory or swap space
#   Check if swap backing store is full
#   Decrease Java heap size (-Xmx/-Xms)
#   Decrease number of Java threads
#   Decrease Java thread stack sizes (-Xss)
#   Set larger code cache with -XX:ReservedCodeCacheSize=
#   JVM is running with Unscaled Compressed Oops mode in which the Java heap is
#     placed in the first 4GB address space. The Java Heap base address is the
#     maximum limit for the native heap growth. Please use -XX:HeapBaseMinAddress
#     to set the Java Heap base and to place the Java Heap above 4GB virtual address.
# This output file may be truncated or incomplete.
#
#  Out of Memory Error (arena.cpp:168), pid=20280, tid=15544
#
# JRE version: OpenJDK Runtime Environment Temurin-21.0.10+7 (21.0.10+7) (build 21.0.10+7-LTS)
# Java VM: OpenJDK 64-Bit Server VM Temurin-21.0.10+7 (21.0.10+7-LTS, mixed mode, sharing, tiered, compressed oops, compressed class ptrs, parallel gc, windows-amd64)
# No core dump will be written. Minidumps are not enabled by default on client versions of Windows
#

---------------  S U M M A R Y ------------

Command Line: --add-modules=ALL-SYSTEM --add-opens=java.base/java.util=ALL-UNNAMED --add-opens=java.base/java.lang=ALL-UNNAMED --add-opens=java.base/sun.nio.fs=ALL-UNNAMED -Declipse.application=org.eclipse.jdt.ls.core.id1 -Dosgi.bundles.defaultStartLevel=4 -Declipse.product=org.eclipse.jdt.ls.core.product -Djava.import.generatesMetadataFilesAtProjectRoot=false -DDetectVMInstallationsJob.disabled=true -Dfile.encoding=utf8 -XX:+UseParallelGC -XX:GCTimeRatio=4 -XX:AdaptiveSizePolicyWeight=90 -Dsun.zip.disableMemoryMapping=true -Xmx2G -Xms100m -Xlog:disable -javaagent:c:\Users\Usuario\.vscode\extensions\redhat.java-1.53.0-win32-x64\lombok\lombok-1.18.39-4050.jar -XX:+HeapDumpOnOutOfMemoryError -XX:HeapDumpPath=c:\Users\Usuario\AppData\Roaming\Code\User\workspaceStorage\1e0a85bc105a14e355e8bfcd29007be1\redhat.java -Daether.dependencyCollector.impl=bf c:\Users\Usuario\.vscode\extensions\redhat.java-1.53.0-win32-x64\server\plugins\org.eclipse.equinox.launcher_1.7.100.v20251111-0406.jar -configuration c:\Users\Usuario\AppData\Roaming\Code\User\globalStorage\redhat.java\1.53.0\config_win -data c:\Users\Usuario\AppData\Roaming\Code\User\workspaceStorage\1e0a85bc105a14e355e8bfcd29007be1\redhat.java\jdt_ws --pipe=\\.\pipe\lsp-bd87e0171dbe5a35c2c1410e13d7ea36-sock

Host: Intel(R) Core(TM) i3-1005G1 CPU @ 1.20GHz, 4 cores, 7G,  Windows 11 , 64 bit Build 26100 (10.0.26100.7920)
Time: Tue Mar 17 17:26:16 2026 Hora est. Pacífico, Sudamérica elapsed time: 3.767999 seconds (0d 0h 0m 3s)

---------------  T H R E A D  ---------------

Current thread (0x000001f5ff1c9870):  JavaThread "C2 CompilerThread1" daemon [_thread_in_native, id=15544, stack(0x0000007f68e00000,0x0000007f68f00000) (1024K)]


Current CompileTask:
C2:3768  684       4       lombok.patcher.PatchScript::classMatches (41 bytes)

Stack: [0x0000007f68e00000,0x0000007f68f00000]
Native frames: (J=compiled Java code, j=interpreted, Vv=VM code, C=native code)
V  [jvm.dll+0x6d7a39]
V  [jvm.dll+0x8b4b26]
V  [jvm.dll+0x8b70de]
V  [jvm.dll+0x8b77c3]
V  [jvm.dll+0x284346]
V  [jvm.dll+0xc66ed]
V  [jvm.dll+0xc6c31]
V  [jvm.dll+0x2fb29e]
V  [jvm.dll+0x5fe884]
V  [jvm.dll+0x255b17]
V  [jvm.dll+0x255edd]
V  [jvm.dll+0x24e500]
V  [jvm.dll+0x24ba42]
V  [jvm.dll+0x1cb34e]
V  [jvm.dll+0x25b85d]
V  [jvm.dll+0x259dea]
V  [jvm.dll+0x3f857e]
V  [jvm.dll+0x85f59d]
V  [jvm.dll+0x6d626d]
C  [ucrtbase.dll+0x37b0]
C  [KERNEL32.DLL+0x2e8d7]
C  [ntdll.dll+0x8c48c]


---------------  P R O C E S S  ---------------

Threads class SMR info:
_java_thread_list=0x000001f5ff0e12e0, length=12, elements={
0x000001f5e5648740, 0x000001f5e78a2e60, 0x000001f5e78a3c80, 0x000001f5e78a71e0,
0x000001f5e78abaf0, 0x000001f5e78ae7c0, 0x000001f5e78af4a0, 0x000001f5e78b22f0,
0x000001f5e79346a0, 0x000001f5ff082990, 0x000001f5ff24e530, 0x000001f5ff1c9870
}

Java Threads: ( => current thread )
  0x000001f5e5648740 JavaThread "main"                              [_thread_in_vm, id=20472, stack(0x0000007f67f00000,0x0000007f68000000) (1024K)]
  0x000001f5e78a2e60 JavaThread "Reference Handler"          daemon [_thread_blocked, id=1752, stack(0x0000007f68400000,0x0000007f68500000) (1024K)]
  0x000001f5e78a3c80 JavaThread "Finalizer"                  daemon [_thread_blocked, id=8728, stack(0x0000007f68500000,0x0000007f68600000) (1024K)]
  0x000001f5e78a71e0 JavaThread "Signal Dispatcher"          daemon [_thread_blocked, id=16516, stack(0x0000007f68600000,0x0000007f68700000) (1024K)]
  0x000001f5e78abaf0 JavaThread "Attach Listener"            daemon [_thread_blocked, id=1812, stack(0x0000007f68700000,0x0000007f68800000) (1024K)]
  0x000001f5e78ae7c0 JavaThread "Service Thread"             daemon [_thread_blocked, id=17216, stack(0x0000007f68800000,0x0000007f68900000) (1024K)]
  0x000001f5e78af4a0 JavaThread "Monitor Deflation Thread"   daemon [_thread_blocked, id=3776, stack(0x0000007f68900000,0x0000007f68a00000) (1024K)]
  0x000001f5e78b22f0 JavaThread "C2 CompilerThread0"         daemon [_thread_blocked, id=8676, stack(0x0000007f68a00000,0x0000007f68b00000) (1024K)]
  0x000001f5e79346a0 JavaThread "C1 CompilerThread0"         daemon [_thread_blocked, id=2172, stack(0x0000007f68b00000,0x0000007f68c00000) (1024K)]
  0x000001f5ff082990 JavaThread "Common-Cleaner"             daemon [_thread_blocked, id=17260, stack(0x0000007f68c00000,0x0000007f68d00000) (1024K)]
  0x000001f5ff24e530 JavaThread "Notification Thread"        daemon [_thread_blocked, id=15260, stack(0x0000007f68d00000,0x0000007f68e00000) (1024K)]
=>0x000001f5ff1c9870 JavaThread "C2 CompilerThread1"         daemon [_thread_in_native, id=15544, stack(0x0000007f68e00000,0x0000007f68f00000) (1024K)]
Total: 12

Other Threads:
  0x000001f5e788d800 VMThread "VM Thread"                           [id=19272, stack(0x0000007f68300000,0x0000007f68400000) (1024K)]
  0x000001f5e7a28650 WatcherThread "VM Periodic Task Thread"        [id=17524, stack(0x0000007f68200000,0x0000007f68300000) (1024K)]
  0x000001f5e79db200 WorkerThread "GC Thread#0"                     [id=18504, stack(0x0000007f68100000,0x0000007f68200000) (1024K)]
Total: 3

Threads with active compile tasks:
C2 CompilerThread1  3926  684       4       lombok.patcher.PatchScript::classMatches (41 bytes)
Total: 1

VM state: not at safepoint (normal execution)

VM Mutex/Monitor currently owned by a thread: None

Heap address: 0x0000000080000000, size: 2048 MB, Compressed Oops mode: 32-bit

CDS archive(s) mapped at: [0x000001f580000000-0x000001f580ba0000-0x000001f580ba0000), size 12189696, SharedBaseAddress: 0x000001f580000000, ArchiveRelocationMode: 1.
Compressed class space mapped at: 0x000001f581000000-0x000001f5c1000000, reserved size: 1073741824
Narrow klass base: 0x000001f580000000, Narrow klass shift: 0, Narrow klass range: 0x100000000

GC Precious Log:
 CardTable entry size: 512
 CPUs: 4 total, 4 available
 Memory: 7880M
 Large Page Support: Disabled
 NUMA Support: Disabled
 Compressed Oops: Enabled (32-bit)
 Alignments: Space 512K, Generation 512K, Heap 2M
 Heap Min Capacity: 100M
 Heap Initial Capacity: 100M
 Heap Max Capacity: 2G
 Pre-touch: Disabled
 Parallel Workers: 4

Heap:
 PSYoungGen      total 29696K, used 14966K [0x00000000d5580000, 0x00000000d7680000, 0x0000000100000000)
  eden space 25600K, 58% used [0x00000000d5580000,0x00000000d641d818,0x00000000d6e80000)
  from space 4096K, 0% used [0x00000000d7280000,0x00000000d7280000,0x00000000d7680000)
  to   space 4096K, 0% used [0x00000000d6e80000,0x00000000d6e80000,0x00000000d7280000)
 ParOldGen       total 68608K, used 0K [0x0000000080000000, 0x0000000084300000, 0x00000000d5580000)
  object space 68608K, 0% used [0x0000000080000000,0x0000000080000000,0x0000000084300000)
 Metaspace       used 2833K, committed 3008K, reserved 1114112K
  class space    used 293K, committed 384K, reserved 1048576K

Card table byte_map: [0x000001f5e7360000,0x000001f5e7770000] _byte_map_base: 0x000001f5e6f60000

Marking Bits: (ParMarkBitMap*) 0x00007ffbb1bc3450
 Begin Bits: [0x000001f5f9e70000, 0x000001f5fbe70000)
 End Bits:   [0x000001f5fbe70000, 0x000001f5fde70000)

Polling page: 0x000001f5e55f0000

Metaspace:

Usage:
  Non-class:      2.48 MB used.
      Class:    293.05 KB used.
       Both:      2.77 MB used.

Virtual space:
  Non-class space:       64.00 MB reserved,       2.56 MB (  4%) committed,  1 nodes.
      Class space:        1.00 GB reserved,     384.00 KB ( <1%) committed,  1 nodes.
             Both:        1.06 GB reserved,       2.94 MB ( <1%) committed. 

Chunk freelists:
   Non-Class:  11.65 MB
       Class:  15.67 MB
        Both:  27.32 MB

MaxMetaspaceSize: unlimited
CompressedClassSpaceSize: 1.00 GB
Initial GC threshold: 21.00 MB
Current GC threshold: 21.00 MB
CDS: on
 - commit_granule_bytes: 65536.
 - commit_granule_words: 8192.
 - virtual_space_node_default_size: 8388608.
 - enlarge_chunks_in_place: 1.
 - use_allocation_guard: 0.


Internal statistics:

num_allocs_failed_limit: 0.
num_arena_births: 82.
num_arena_deaths: 0.
num_vsnodes_births: 2.
num_vsnodes_deaths: 0.
num_space_committed: 47.
num_space_uncommitted: 0.
num_chunks_returned_to_freelist: 0.
num_chunks_taken_from_freelist: 104.
num_chunk_merges: 0.
num_chunk_splits: 73.
num_chunks_enlarged: 47.
num_inconsistent_stats: 0.

CodeHeap 'non-profiled nmethods': size=120000Kb used=276Kb max_used=276Kb free=119723Kb
 bounds [0x000001f5f2690000, 0x000001f5f2900000, 0x000001f5f9bc0000]
CodeHeap 'profiled nmethods': size=120000Kb used=1070Kb max_used=1070Kb free=118929Kb
 bounds [0x000001f5eabc0000, 0x000001f5eae30000, 0x000001f5f20f0000]
CodeHeap 'non-nmethods': size=5760Kb used=1192Kb max_used=1211Kb free=4567Kb
 bounds [0x000001f5f20f0000, 0x000001f5f2360000, 0x000001f5f2690000]
CodeCache: size=245760Kb, used=2538Kb, max_used=2557Kb, free=243219Kb
 total_blobs=1170, nmethods=729, adapters=348, full_count=0
Compilation: enabled, stopped_count=0, restarted_count=0

Compilation events (20 events):
Event: 2.599 Thread 0x000001f5ff1c9870 nmethod 658 0x000001f5f26cde90 code [0x000001f5f26ce0a0, 0x000001f5f26ce7f8]
Event: 2.599 Thread 0x000001f5e79346a0  687       3       java.util.jar.Manifest$FastInputStream::readLine (296 bytes)
Event: 2.599 Thread 0x000001f5ff1c9870  684       4       lombok.patcher.PatchScript::classMatches (41 bytes)
Event: 2.951 Thread 0x000001f5e79346a0 nmethod 687 0x000001f5eacb9c10 code [0x000001f5eacb9e40, 0x000001f5eacba6a8]
Event: 2.952 Thread 0x000001f5e79346a0  688       3       java.util.Objects::checkFromIndexSize (8 bytes)
Event: 2.952 Thread 0x000001f5e79346a0 nmethod 688 0x000001f5eacbaa10 code [0x000001f5eacbabc0, 0x000001f5eacbadc8]
Event: 2.953 Thread 0x000001f5e79346a0  689       3       jdk.internal.util.ArraysSupport::vectorizedHashCode (158 bytes)
Event: 2.954 Thread 0x000001f5e79346a0 nmethod 689 0x000001f5eacbaf10 code [0x000001f5eacbb220, 0x000001f5eacbc208]
Event: 2.954 Thread 0x000001f5e79346a0  691       3       java.lang.ref.Reference::<init> (25 bytes)
Event: 2.954 Thread 0x000001f5e79346a0 nmethod 691 0x000001f5eacbc590 code [0x000001f5eacbc740, 0x000001f5eacbc930]
Event: 2.955 Thread 0x000001f5e78b22f0 nmethod 676 0x000001f5f26cf090 code [0x000001f5f26cf260, 0x000001f5f26cf8e0]
Event: 2.955 Thread 0x000001f5e78b22f0  686       4       lombok.patcher.scripts.MethodLevelPatchScript::patch (21 bytes)
Event: 2.958 Thread 0x000001f5e79346a0  692       3       sun.invoke.util.Wrapper::forPrimitiveType (122 bytes)
Event: 2.958 Thread 0x000001f5e79346a0 nmethod 692 0x000001f5eacbca10 code [0x000001f5eacbcce0, 0x000001f5eacbd7c0]
Event: 2.958 Thread 0x000001f5e79346a0  694       3       java.lang.Integer::rotateRight (9 bytes)
Event: 2.959 Thread 0x000001f5e79346a0 nmethod 694 0x000001f5eacbda90 code [0x000001f5eacbdc20, 0x000001f5eacbdd20]
Event: 3.075 Thread 0x000001f5e79346a0  697       3       java.lang.invoke.MethodType::erase (8 bytes)
Event: 3.075 Thread 0x000001f5e79346a0 nmethod 697 0x000001f5eacbdd90 code [0x000001f5eacbdf20, 0x000001f5eacbe050]
Event: 3.075 Thread 0x000001f5e79346a0  698       3       java.lang.invoke.MemberName::getModifiers (8 bytes)
Event: 3.075 Thread 0x000001f5e79346a0 nmethod 698 0x000001f5eacbe110 code [0x000001f5eacbe2a0, 0x000001f5eacbe3b0]

GC Heap History (0 events):
No events

Dll operation events (8 events):
Event: 0.032 Loaded shared library c:\Users\Usuario\.vscode\extensions\redhat.java-1.53.0-win32-x64\jre\21.0.10-win32-x86_64\bin\java.dll
Event: 0.115 Loaded shared library c:\Users\Usuario\.vscode\extensions\redhat.java-1.53.0-win32-x64\jre\21.0.10-win32-x86_64\bin\zip.dll
Event: 0.641 Loaded shared library C:\Users\Usuario\.vscode\extensions\redhat.java-1.53.0-win32-x64\jre\21.0.10-win32-x86_64\bin\instrument.dll
Event: 0.652 Loaded shared library C:\Users\Usuario\.vscode\extensions\redhat.java-1.53.0-win32-x64\jre\21.0.10-win32-x86_64\bin\net.dll
Event: 0.655 Loaded shared library C:\Users\Usuario\.vscode\extensions\redhat.java-1.53.0-win32-x64\jre\21.0.10-win32-x86_64\bin\nio.dll
Event: 0.666 Loaded shared library C:\Users\Usuario\.vscode\extensions\redhat.java-1.53.0-win32-x64\jre\21.0.10-win32-x86_64\bin\zip.dll
Event: 0.881 Loaded shared library C:\Users\Usuario\.vscode\extensions\redhat.java-1.53.0-win32-x64\jre\21.0.10-win32-x86_64\bin\jimage.dll
Event: 1.393 Loaded shared library c:\Users\Usuario\.vscode\extensions\redhat.java-1.53.0-win32-x64\jre\21.0.10-win32-x86_64\bin\verify.dll

Deoptimization events (20 events):
Event: 2.027 Thread 0x000001f5e5648740 Uncommon trap: trap_request=0xffffffde fr.pc=0x000001f5f26c85cc relative=0x000000000000012c
Event: 2.027 Thread 0x000001f5e5648740 Uncommon trap: reason=class_check action=maybe_recompile pc=0x000001f5f26c85cc method=jdk.internal.misc.Unsafe.allocateUninitializedArray(Ljava/lang/Class;I)Ljava/lang/Object; @ 51 c2
Event: 2.027 Thread 0x000001f5e5648740 DEOPT PACKING pc=0x000001f5f26c85cc sp=0x0000007f67ffc280
Event: 2.027 Thread 0x000001f5e5648740 DEOPT UNPACKING pc=0x000001f5f2146da2 sp=0x0000007f67ffc1f8 mode 2
Event: 2.027 Thread 0x000001f5e5648740 Uncommon trap: trap_request=0xffffffde fr.pc=0x000001f5f26c85cc relative=0x000000000000012c
Event: 2.027 Thread 0x000001f5e5648740 Uncommon trap: reason=class_check action=maybe_recompile pc=0x000001f5f26c85cc method=jdk.internal.misc.Unsafe.allocateUninitializedArray(Ljava/lang/Class;I)Ljava/lang/Object; @ 51 c2
Event: 2.027 Thread 0x000001f5e5648740 DEOPT PACKING pc=0x000001f5f26c85cc sp=0x0000007f67ffc280
Event: 2.027 Thread 0x000001f5e5648740 DEOPT UNPACKING pc=0x000001f5f2146da2 sp=0x0000007f67ffc1f8 mode 2
Event: 2.027 Thread 0x000001f5e5648740 Uncommon trap: trap_request=0xffffffde fr.pc=0x000001f5f26c85cc relative=0x000000000000012c
Event: 2.027 Thread 0x000001f5e5648740 Uncommon trap: reason=class_check action=maybe_recompile pc=0x000001f5f26c85cc method=jdk.internal.misc.Unsafe.allocateUninitializedArray(Ljava/lang/Class;I)Ljava/lang/Object; @ 51 c2
Event: 2.027 Thread 0x000001f5e5648740 DEOPT PACKING pc=0x000001f5f26c85cc sp=0x0000007f67ffc2c0
Event: 2.027 Thread 0x000001f5e5648740 DEOPT UNPACKING pc=0x000001f5f2146da2 sp=0x0000007f67ffc238 mode 2
Event: 2.029 Thread 0x000001f5e5648740 Uncommon trap: trap_request=0xffffff45 fr.pc=0x000001f5f26bf57c relative=0x000000000000015c
Event: 2.030 Thread 0x000001f5e5648740 Uncommon trap: reason=unstable_if action=reinterpret pc=0x000001f5f26bf57c method=jdk.internal.util.ArraysSupport.vectorizedHashCode(Ljava/lang/Object;IIII)I @ 2 c2
Event: 2.030 Thread 0x000001f5e5648740 DEOPT PACKING pc=0x000001f5f26bf57c sp=0x0000007f67ffcd10
Event: 2.030 Thread 0x000001f5e5648740 DEOPT UNPACKING pc=0x000001f5f2146da2 sp=0x0000007f67ffccc0 mode 2
Event: 2.041 Thread 0x000001f5e5648740 Uncommon trap: trap_request=0xffffff45 fr.pc=0x000001f5f26b2f74 relative=0x00000000000000d4
Event: 2.041 Thread 0x000001f5e5648740 Uncommon trap: reason=unstable_if action=reinterpret pc=0x000001f5f26b2f74 method=java.net.URI.match(CJJ)Z @ 45 c2
Event: 2.041 Thread 0x000001f5e5648740 DEOPT PACKING pc=0x000001f5f26b2f74 sp=0x0000007f67ffce90
Event: 2.041 Thread 0x000001f5e5648740 DEOPT UNPACKING pc=0x000001f5f2146da2 sp=0x0000007f67ffcdf8 mode 2

Classes loaded (20 events):
Event: 3.063 Loading class jdk/internal/jimage/ImageBufferCache$2 done
Event: 3.064 Loading class java/util/AbstractMap$SimpleEntry
Event: 3.064 Loading class java/util/AbstractMap$SimpleEntry done
Event: 3.065 Loading class jdk/internal/jimage/decompressor/ResourceDecompressor$StringsProvider
Event: 3.066 Loading class jdk/internal/jimage/decompressor/ResourceDecompressor$StringsProvider done
Event: 3.067 Loading class jdk/internal/jimage/decompressor/CompressedResourceHeader
Event: 3.067 Loading class jdk/internal/jimage/decompressor/CompressedResourceHeader done
Event: 3.068 Loading class jdk/internal/jimage/decompressor/ResourceDecompressorRepository
Event: 3.068 Loading class jdk/internal/jimage/decompressor/ResourceDecompressorRepository done
Event: 3.068 Loading class jdk/internal/jimage/decompressor/ZipDecompressorFactory
Event: 3.068 Loading class jdk/internal/jimage/decompressor/ResourceDecompressorFactory
Event: 3.068 Loading class jdk/internal/jimage/decompressor/ResourceDecompressorFactory done
Event: 3.068 Loading class jdk/internal/jimage/decompressor/ZipDecompressorFactory done
Event: 3.068 Loading class jdk/internal/jimage/decompressor/StringSharingDecompressorFactory
Event: 3.068 Loading class jdk/internal/jimage/decompressor/StringSharingDecompressorFactory done
Event: 3.069 Loading class jdk/internal/jimage/decompressor/ZipDecompressor
Event: 3.070 Loading class jdk/internal/jimage/decompressor/ResourceDecompressor
Event: 3.070 Loading class jdk/internal/jimage/decompressor/ResourceDecompressor done
Event: 3.070 Loading class jdk/internal/jimage/decompressor/ZipDecompressor done
Event: 3.076 Loading class jdk/internal/icu/util/VersionInfo

Classes unloaded (0 events):
No events

Classes redefined (0 events):
No events

Internal exceptions (12 events):
Event: 0.407 Thread 0x000001f5e5648740 Exception <a 'java/lang/NoSuchMethodError'{0x00000000d579e9e0}: 'void java.lang.invoke.DirectMethodHandle$Holder.invokeStatic(java.lang.Object, java.lang.Object, java.lang.Object)'> (0x00000000d579e9e0) 
thrown [s\src\hotspot\share\interpreter\linkResolver.cpp, line 773]
Event: 0.873 Thread 0x000001f5e5648740 Exception <a 'java/lang/NoSuchMethodError'{0x00000000d5907fb0}: 'java.lang.Object java.lang.invoke.Invokers$Holder.invokeExact_MT(java.lang.Object, java.lang.Object, java.lang.Object, java.lang.Object, java.lang.Object)'> (0x00000000d5907fb0) 
thrown [s\src\hotspot\share\interpreter\linkResolver.cpp, line 773]
Event: 0.965 Thread 0x000001f5e5648740 Exception <a 'java/lang/NoSuchMethodError'{0x00000000d59c02c0}: 'int java.lang.invoke.DirectMethodHandle$Holder.invokeSpecial(java.lang.Object, java.lang.Object, java.lang.Object, int)'> (0x00000000d59c02c0) 
thrown [s\src\hotspot\share\interpreter\linkResolver.cpp, line 773]
Event: 0.980 Thread 0x000001f5e5648740 Exception <a 'java/lang/NoSuchMethodError'{0x00000000d59d2ca8}: 'java.lang.Object java.lang.invoke.DirectMethodHandle$Holder.invokeStatic(java.lang.Object, java.lang.Object, java.lang.Object, java.lang.Object, int)'> (0x00000000d59d2ca8) 
thrown [s\src\hotspot\share\interpreter\linkResolver.cpp, line 773]
Event: 1.002 Thread 0x000001f5e5648740 Exception <a 'java/lang/NoSuchMethodError'{0x00000000d59de150}: 'void java.lang.invoke.DelegatingMethodHandle$Holder.reinvoke_L(java.lang.Object, java.lang.Object, java.lang.Object, int, java.lang.Object)'> (0x00000000d59de150) 
thrown [s\src\hotspot\share\interpreter\linkResolver.cpp, line 773]
Event: 1.017 Thread 0x000001f5e5648740 Exception <a 'java/lang/NoSuchMethodError'{0x00000000d59e1b88}: 'int java.lang.invoke.DirectMethodHandle$Holder.invokeSpecial(java.lang.Object, java.lang.Object, java.lang.Object)'> (0x00000000d59e1b88) 
thrown [s\src\hotspot\share\interpreter\linkResolver.cpp, line 773]
Event: 1.107 Thread 0x000001f5e5648740 Exception <a 'java/lang/NoSuchMethodError'{0x00000000d59fa878}: 'java.lang.Object java.lang.invoke.DirectMethodHandle$Holder.invokeStatic(java.lang.Object, java.lang.Object, int)'> (0x00000000d59fa878) 
thrown [s\src\hotspot\share\interpreter\linkResolver.cpp, line 773]
Event: 1.231 Thread 0x000001f5e5648740 Exception <a 'java/lang/NoSuchMethodError'{0x00000000d59ff1c8}: 'void java.lang.invoke.DirectMethodHandle$Holder.invokeStatic(java.lang.Object, java.lang.Object, int, java.lang.Object)'> (0x00000000d59ff1c8) 
thrown [s\src\hotspot\share\interpreter\linkResolver.cpp, line 773]
Event: 1.232 Thread 0x000001f5e5648740 Exception <a 'java/lang/NoSuchMethodError'{0x00000000d5a02d58}: 'void java.lang.invoke.DirectMethodHandle$Holder.invokeSpecial(java.lang.Object, java.lang.Object, java.lang.Object, int, java.lang.Object)'> (0x00000000d5a02d58) 
thrown [s\src\hotspot\share\interpreter\linkResolver.cpp, line 773]
Event: 1.308 Thread 0x000001f5e5648740 Exception <a 'java/lang/NoSuchMethodError'{0x00000000d5a061c8}: 'void java.lang.invoke.DelegatingMethodHandle$Holder.delegate(java.lang.Object, java.lang.Object, int, java.lang.Object)'> (0x00000000d5a061c8) 
thrown [s\src\hotspot\share\interpreter\linkResolver.cpp, line 773]
Event: 1.469 Thread 0x000001f5e5648740 Exception <a 'java/lang/NoSuchMethodError'{0x00000000d5bc5d58}: 'void java.lang.invoke.DelegatingMethodHandle$Holder.reinvoke_L(java.lang.Object, java.lang.Object, java.lang.Object, int)'> (0x00000000d5bc5d58) 
thrown [s\src\hotspot\share\interpreter\linkResolver.cpp, line 773]
Event: 1.975 Thread 0x000001f5e5648740 Exception <a 'java/lang/NoSuchMethodError'{0x00000000d6058d10}: 'void java.lang.invoke.DirectMethodHandle$Holder.invokeVirtual(java.lang.Object, java.lang.Object)'> (0x00000000d6058d10) 
thrown [s\src\hotspot\share\interpreter\linkResolver.cpp, line 773]

ZGC Phase Switch (0 events):
No events

VM Operations (8 events):
Event: 0.600 Executing non-safepoint VM operation: HandshakeAllThreads (Deoptimize)
Event: 0.600 Executing non-safepoint VM operation: HandshakeAllThreads (Deoptimize) done
Event: 0.895 Executing non-safepoint VM operation: HandshakeAllThreads (Deoptimize)
Event: 0.895 Executing non-safepoint VM operation: HandshakeAllThreads (Deoptimize) done
Event: 1.909 Executing safepoint VM operation: Cleanup
Event: 1.940 Executing safepoint VM operation: Cleanup done
Event: 2.951 Executing safepoint VM operation: Cleanup
Event: 2.951 Executing safepoint VM operation: Cleanup done

Memory protections (0 events):
No events

Nmethod flushes (0 events):
No events

Events (12 events):
Event: 0.055 Thread 0x000001f5e5648740 Thread added: 0x000001f5e5648740
Event: 0.117 Thread 0x000001f5e5648740 Thread added: 0x000001f5e78a2e60
Event: 0.117 Thread 0x000001f5e5648740 Thread added: 0x000001f5e78a3c80
Event: 0.117 Thread 0x000001f5e5648740 Thread added: 0x000001f5e78a71e0
Event: 0.117 Thread 0x000001f5e5648740 Thread added: 0x000001f5e78abaf0
Event: 0.117 Thread 0x000001f5e5648740 Thread added: 0x000001f5e78ae7c0
Event: 0.117 Thread 0x000001f5e5648740 Thread added: 0x000001f5e78af4a0
Event: 0.118 Thread 0x000001f5e5648740 Thread added: 0x000001f5e78b22f0
Event: 0.125 Thread 0x000001f5e5648740 Thread added: 0x000001f5e79346a0
Event: 0.648 Thread 0x000001f5e5648740 Thread added: 0x000001f5ff082990
Event: 1.852 Thread 0x000001f5e5648740 Thread added: 0x000001f5ff24e530
Event: 2.580 Thread 0x000001f5e79346a0 Thread added: 0x000001f5ff1c9870


Dynamic libraries:
0x00007ff679360000 - 0x00007ff67936e000 	c:\Users\Usuario\.vscode\extensions\redhat.java-1.53.0-win32-x64\jre\21.0.10-win32-x86_64\bin\java.exe
0x00007ffc90620000 - 0x00007ffc90887000 	C:\WINDOWS\SYSTEM32\ntdll.dll
0x00007ffc8efe0000 - 0x00007ffc8f0a9000 	C:\WINDOWS\System32\KERNEL32.DLL
0x00007ffc8cfc0000 - 0x00007ffc8d3b1000 	C:\WINDOWS\System32\KERNELBASE.dll
0x00007ffc8d8c0000 - 0x00007ffc8da0b000 	C:\WINDOWS\System32\ucrtbase.dll
0x00007ffc5b980000 - 0x00007ffc5b998000 	c:\Users\Usuario\.vscode\extensions\redhat.java-1.53.0-win32-x64\jre\21.0.10-win32-x86_64\bin\jli.dll
0x00007ffc8f880000 - 0x00007ffc8fa45000 	C:\WINDOWS\System32\USER32.dll
0x00007ffc8d3c0000 - 0x00007ffc8d3e7000 	C:\WINDOWS\System32\win32u.dll
0x00007ffc8e3c0000 - 0x00007ffc8e3eb000 	C:\WINDOWS\System32\GDI32.dll
0x00007ffc8d620000 - 0x00007ffc8d74b000 	C:\WINDOWS\System32\gdi32full.dll
0x00007ffc8e280000 - 0x00007ffc8e323000 	C:\WINDOWS\System32\msvcp_win.dll
0x00007ffc5b960000 - 0x00007ffc5b97e000 	c:\Users\Usuario\.vscode\extensions\redhat.java-1.53.0-win32-x64\jre\21.0.10-win32-x86_64\bin\VCRUNTIME140.dll
0x00007ffc6d4f0000 - 0x00007ffc6d783000 	C:\WINDOWS\WinSxS\amd64_microsoft.windows.common-controls_6595b64144ccf1df_6.0.26100.8037_none_3e092faae333b53b\COMCTL32.dll
0x00007ffc8f670000 - 0x00007ffc8f719000 	C:\WINDOWS\System32\msvcrt.dll
0x00007ffc8e780000 - 0x00007ffc8e7b1000 	C:\WINDOWS\System32\IMM32.DLL
0x00007ffc35960000 - 0x00007ffc3596c000 	c:\Users\Usuario\.vscode\extensions\redhat.java-1.53.0-win32-x64\jre\21.0.10-win32-x86_64\bin\vcruntime140_1.dll
0x00007ffc350d0000 - 0x00007ffc3515d000 	c:\Users\Usuario\.vscode\extensions\redhat.java-1.53.0-win32-x64\jre\21.0.10-win32-x86_64\bin\msvcp140.dll
0x00007ffbb0f00000 - 0x00007ffbb1ca1000 	c:\Users\Usuario\.vscode\extensions\redhat.java-1.53.0-win32-x64\jre\21.0.10-win32-x86_64\bin\server\jvm.dll
0x00007ffc8fd60000 - 0x00007ffc8fe1b000 	C:\WINDOWS\System32\ADVAPI32.dll
0x00007ffc8e3f0000 - 0x00007ffc8e497000 	C:\WINDOWS\System32\sechost.dll
0x00007ffc8e4a0000 - 0x00007ffc8e5b8000 	C:\WINDOWS\System32\RPCRT4.dll
0x00007ffc8fcd0000 - 0x00007ffc8fd44000 	C:\WINDOWS\System32\WS2_32.dll
0x00007ffc8cd60000 - 0x00007ffc8cdbe000 	C:\WINDOWS\SYSTEM32\POWRPROF.dll
0x00007ffc73340000 - 0x00007ffc73375000 	C:\WINDOWS\SYSTEM32\WINMM.dll
0x00007ffc81a40000 - 0x00007ffc81a4b000 	C:\WINDOWS\SYSTEM32\VERSION.dll
0x00007ffc8cd40000 - 0x00007ffc8cd54000 	C:\WINDOWS\SYSTEM32\UMPDC.dll
0x00007ffc8bc70000 - 0x00007ffc8bc8b000 	C:\WINDOWS\SYSTEM32\kernel.appcore.dll
0x00007ffc35950000 - 0x00007ffc3595a000 	c:\Users\Usuario\.vscode\extensions\redhat.java-1.53.0-win32-x64\jre\21.0.10-win32-x86_64\bin\jimage.dll
0x00007ffc8ad30000 - 0x00007ffc8af72000 	C:\WINDOWS\SYSTEM32\DBGHELP.DLL
0x00007ffc8e7f0000 - 0x00007ffc8eb72000 	C:\WINDOWS\System32\combase.dll
0x00007ffc8f0b0000 - 0x00007ffc8f187000 	C:\WINDOWS\System32\OLEAUT32.dll
0x00007ffc6c5e0000 - 0x00007ffc6c61b000 	C:\WINDOWS\SYSTEM32\dbgcore.DLL
0x00007ffc8d570000 - 0x00007ffc8d615000 	C:\WINDOWS\System32\bcryptPrimitives.dll
0x00007ffc35940000 - 0x00007ffc3594f000 	c:\Users\Usuario\.vscode\extensions\redhat.java-1.53.0-win32-x64\jre\21.0.10-win32-x86_64\bin\instrument.dll
0x00007ffc350b0000 - 0x00007ffc350d0000 	c:\Users\Usuario\.vscode\extensions\redhat.java-1.53.0-win32-x64\jre\21.0.10-win32-x86_64\bin\java.dll
0x00007ffc8fe20000 - 0x00007ffc9057f000 	C:\WINDOWS\System32\SHELL32.dll
0x00007ffc8d750000 - 0x00007ffc8d8ba000 	C:\WINDOWS\System32\wintypes.dll
0x00007ffc8da10000 - 0x00007ffc8e274000 	C:\WINDOWS\System32\windows.storage.dll
0x00007ffc8ee50000 - 0x00007ffc8ef47000 	C:\WINDOWS\System32\SHCORE.dll
0x00007ffc8ede0000 - 0x00007ffc8ee47000 	C:\WINDOWS\System32\shlwapi.dll
0x00007ffc8ce20000 - 0x00007ffc8ce49000 	C:\WINDOWS\SYSTEM32\profapi.dll
0x00007ffc35070000 - 0x00007ffc35088000 	c:\Users\Usuario\.vscode\extensions\redhat.java-1.53.0-win32-x64\jre\21.0.10-win32-x86_64\bin\zip.dll
0x00007ffc35900000 - 0x00007ffc35910000 	C:\Users\Usuario\.vscode\extensions\redhat.java-1.53.0-win32-x64\jre\21.0.10-win32-x86_64\bin\net.dll
0x00007ffc7f7a0000 - 0x00007ffc7f8c7000 	C:\WINDOWS\SYSTEM32\WINHTTP.dll
0x00007ffc8c200000 - 0x00007ffc8c26b000 	C:\WINDOWS\system32\mswsock.dll
0x00007ffc35050000 - 0x00007ffc35066000 	C:\Users\Usuario\.vscode\extensions\redhat.java-1.53.0-win32-x64\jre\21.0.10-win32-x86_64\bin\nio.dll
0x00007ffc357e0000 - 0x00007ffc357f0000 	c:\Users\Usuario\.vscode\extensions\redhat.java-1.53.0-win32-x64\jre\21.0.10-win32-x86_64\bin\verify.dll

JVMTI agents:
c:\Users\Usuario\.vscode\extensions\redhat.java-1.53.0-win32-x64\lombok\lombok-1.18.39-4050.jar path:c:\Users\Usuario\.vscode\extensions\redhat.java-1.53.0-win32-x64\jre\21.0.10-win32-x86_64\bin\instrument.dll, loaded, initialized, instrumentlib options:none

dbghelp: loaded successfully - version: 4.0.5 - missing functions: none
symbol engine: initialized successfully - sym options: 0x614 - pdb path: .;c:\Users\Usuario\.vscode\extensions\redhat.java-1.53.0-win32-x64\jre\21.0.10-win32-x86_64\bin;C:\WINDOWS\SYSTEM32;C:\WINDOWS\WinSxS\amd64_microsoft.windows.common-controls_6595b64144ccf1df_6.0.26100.8037_none_3e092faae333b53b;c:\Users\Usuario\.vscode\extensions\redhat.java-1.53.0-win32-x64\jre\21.0.10-win32-x86_64\bin\server

VM Arguments:
jvm_args: --add-modules=ALL-SYSTEM --add-opens=java.base/java.util=ALL-UNNAMED --add-opens=java.base/java.lang=ALL-UNNAMED --add-opens=java.base/sun.nio.fs=ALL-UNNAMED -Declipse.application=org.eclipse.jdt.ls.core.id1 -Dosgi.bundles.defaultStartLevel=4 -Declipse.product=org.eclipse.jdt.ls.core.product -Djava.import.generatesMetadataFilesAtProjectRoot=false -DDetectVMInstallationsJob.disabled=true -Dfile.encoding=utf8 -XX:+UseParallelGC -XX:GCTimeRatio=4 -XX:AdaptiveSizePolicyWeight=90 -Dsun.zip.disableMemoryMapping=true -Xmx2G -Xms100m -Xlog:disable -javaagent:c:\Users\Usuario\.vscode\extensions\redhat.java-1.53.0-win32-x64\lombok\lombok-1.18.39-4050.jar -XX:+HeapDumpOnOutOfMemoryError -XX:HeapDumpPath=c:\Users\Usuario\AppData\Roaming\Code\User\workspaceStorage\1e0a85bc105a14e355e8bfcd29007be1\redhat.java -Daether.dependencyCollector.impl=bf 
java_command: c:\Users\Usuario\.vscode\extensions\redhat.java-1.53.0-win32-x64\server\plugins\org.eclipse.equinox.launcher_1.7.100.v20251111-0406.jar -configuration c:\Users\Usuario\AppData\Roaming\Code\User\globalStorage\redhat.java\1.53.0\config_win -data c:\Users\Usuario\AppData\Roaming\Code\User\workspaceStorage\1e0a85bc105a14e355e8bfcd29007be1\redhat.java\jdt_ws --pipe=\\.\pipe\lsp-bd87e0171dbe5a35c2c1410e13d7ea36-sock
java_class_path (initial): c:\Users\Usuario\.vscode\extensions\redhat.java-1.53.0-win32-x64\server\plugins\org.eclipse.equinox.launcher_1.7.100.v20251111-0406.jar
Launcher Type: SUN_STANDARD

[Global flags]
    uintx AdaptiveSizePolicyWeight                 = 90                                        {product} {command line}
     intx CICompilerCount                          = 3                                         {product} {ergonomic}
    uintx GCTimeRatio                              = 4                                         {product} {command line}
     bool HeapDumpOnOutOfMemoryError               = true                                   {manageable} {command line}
    ccstr HeapDumpPath                             = c:\Users\Usuario\AppData\Roaming\Code\User\workspaceStorage\1e0a85bc105a14e355e8bfcd29007be1\redhat.java         {manageable} {command line}
   size_t InitialHeapSize                          = 104857600                                 {product} {command line}
   size_t MaxHeapSize                              = 2147483648                                {product} {command line}
   size_t MaxNewSize                               = 715653120                                 {product} {ergonomic}
   size_t MinHeapDeltaBytes                        = 524288                                    {product} {ergonomic}
   size_t MinHeapSize                              = 104857600                                 {product} {command line}
   size_t NewSize                                  = 34603008                                  {product} {ergonomic}
    uintx NonNMethodCodeHeapSize                   = 5832780                                {pd product} {ergonomic}
    uintx NonProfiledCodeHeapSize                  = 122912730                              {pd product} {ergonomic}
   size_t OldSize                                  = 70254592                                  {product} {ergonomic}
    uintx ProfiledCodeHeapSize                     = 122912730                              {pd product} {ergonomic}
    uintx ReservedCodeCacheSize                    = 251658240                              {pd product} {ergonomic}
     bool SegmentedCodeCache                       = true                                      {product} {ergonomic}
   size_t SoftMaxHeapSize                          = 2147483648                             {manageable} {ergonomic}
     bool UseCompressedOops                        = true                           {product lp64_product} {ergonomic}
     bool UseLargePagesIndividualAllocation        = false                                  {pd product} {ergonomic}
     bool UseParallelGC                            = true                                      {product} {command line}

Logging:
Log output configuration:
 #0: stdout all=off uptime,level,tags foldmultilines=false
 #1: stderr all=off uptime,level,tags foldmultilines=false

Release file:
JAVA_VERSION="21.0.10" 
MODULES="java.base java.compiler java.datatransfer java.xml java.prefs java.desktop java.instrument java.logging java.management java.security.sasl java.naming java.rmi java.management.rmi java.net.http java.scripting java.security.jgss java.transaction.xa java.sql java.sql.rowset java.xml.crypto java.se java.smartcardio jdk.accessibility jdk.internal.jvmstat jdk.attach jdk.charsets jdk.internal.opt jdk.zipfs jdk.compiler jdk.crypto.ec jdk.crypto.cryptoki jdk.crypto.mscapi jdk.dynalink jdk.internal.ed jdk.editpad jdk.hotspot.agent jdk.httpserver jdk.internal.le jdk.internal.vm.ci jdk.internal.vm.compiler jdk.internal.vm.compiler.management jdk.jartool jdk.javadoc jdk.jcmd jdk.management jdk.management.agent jdk.jconsole jdk.jdeps jdk.jdwp.agent jdk.jdi jdk.jfr jdk.jshell jdk.jsobject jdk.jstatd jdk.localedata jdk.management.jfr jdk.naming.dns jdk.naming.rmi jdk.net jdk.nio.mapmode jdk.random jdk.sctp jdk.security.auth jdk.security.jgss jdk.unsupported jdk.unsupported.desktop jdk.xml.dom" 

Environment Variables:
JAVA_HOME=C:\Program Files\Java\jdk-21
PATH=C:\Users\Usuario\AppData\Local\Programs\Microsoft VS Code;C:\Program Files\Google\Chrome\Application;C:\Python313\Scripts\;C:\Python313\;C:\Program Files\Java\jdk-21\bin;C:\app\Usuario\product\21c\dbhomeXE\bin;C:\Users\Usuario\AppData\Local\Programs\Python\Python310\Scripts\;C:\Users\Usuario\AppData\Local\Programs\Python\Python310\;C:\Python310\Scripts\;C:\Python310\;C:\Program Files\Common Files\Oracle\Java\javapath;C:\WINDOWS\system32;C:\WINDOWS;C:\WINDOWS\System32\Wbem;C:\WINDOWS\System32\WindowsPowerShell\v1.0\;C:\WINDOWS\System32\OpenSSH\;C:\Program Files (x86)\HP\Common\HPDestPlgIn\;C:\ProgramData\chocolatey\bin;D:\Program Files\MongoDB\Server\4.4\bin;C:\Program Files\Git\cmd;D:\node.js\;C:\Program Files\Microsoft SQL Server\170\DTS\Binn\;C:\Users\Usuario\.local\bin;C:\Program Files\MySQL\MySQL Shell 8.0\bin\;C:\Users\Usuario\.console-ninja\.bin;C:\Users\Usuario\AppData\Local\Programs\Python\Python311\Scripts\;C:\Users\Usuario\AppData\Local\Programs\Python\Python311\;C:\Users\Usuario\.cargo\bin;C:\Users\Usuario\AppData\Local\Microsoft\WindowsApps;C:\Users\Usuario\AppData\Local\GitHubDesktop\bin;C:\Program Files (x86)\HP\Common\HPDestPlgIn\;C:\Users\Usuario\AppData\Local\Programs\Microsoft VS Code\bin;C:\flutter\bin;C:\Program Files\kotlinc\bin;C:\Users\Usuario\AppData\Local\JetBrains\Toolbox\scripts;%IntelliJ IDEA Community Edition%;C:\Users\Usuario\AppData\Local\Microsoft\WindowsApps;C:\Users\Usuario\AppData\Roaming\npm;C:\Users\Usuario\AppData\Local\Programs\cursor\resources\app\bin;C:\Users\Usuario\AppData\Local\Programs\Antigravity\bin
USERNAME=Usuario
OS=Windows_NT
PROCESSOR_IDENTIFIER=Intel64 Family 6 Model 126 Stepping 5, GenuineIntel
TMP=C:\Users\Usuario\AppData\Local\Temp
TEMP=C:\Users\Usuario\AppData\Local\Temp




Periodic native trim disabled

---------------  S Y S T E M  ---------------

OS:
 Windows 11 , 64 bit Build 26100 (10.0.26100.7920)
OS uptime: 0 days 0:17 hours
Hyper-V role detected

CPU: total 4 (initial active 4) (2 cores per cpu, 2 threads per core) family 6 model 126 stepping 5 microcode 0x96, cx8, cmov, fxsr, ht, mmx, 3dnowpref, sse, sse2, sse3, ssse3, sse4.1, sse4.2, popcnt, lzcnt, tsc, tscinvbit, avx, avx2, aes, erms, clmul, bmi1, bmi2, adx, avx512f, avx512dq, avx512cd, avx512bw, avx512vl, sha, fma, vzeroupper, avx512_vpopcntdq, avx512_vpclmulqdq, avx512_vaes, avx512_vnni, clflush, clflushopt, avx512_vbmi2, avx512_vbmi, hv, rdtscp, rdpid, fsrm, gfni, avx512_bitalg, f16c, avx512_ifma
Processor Information for processor 0
  Max Mhz: 1190, Current Mhz: 1190, Mhz Limit: 1190
Processor Information for processor 1
  Max Mhz: 1190, Current Mhz: 991, Mhz Limit: 1190
Processor Information for processor 2
  Max Mhz: 1190, Current Mhz: 1190, Mhz Limit: 1190
Processor Information for processor 3
  Max Mhz: 1190, Current Mhz: 1190, Mhz Limit: 1190

Memory: 4k page, system-wide physical 7880M (1051M free)
TotalPageFile size 15048M (AvailPageFile size 6M)
current process WorkingSet (physical memory assigned to process): 61M, peak: 61M
current process commit charge ("private bytes"): 217M, peak: 219M

vm_info: OpenJDK 64-Bit Server VM (21.0.10+7-LTS) for windows-amd64 JRE (21.0.10+7-LTS), built on 2026-01-20T00:00:00Z by "admin" with MS VC++ 17.12 (VS2022)

END.
