#
# There is insufficient memory for the Java Runtime Environment to continue.
# Native memory allocation (malloc) failed to allocate 1459696 bytes. Error detail: Chunk::new
# Possible reasons:
#   The system is out of physical RAM or swap space
#   This process is running with CompressedOops enabled, and the Java Heap may be blocking the growth of the native heap
# Possible solutions:
#   Reduce memory load on the system
#   Increase physical memory or swap space
#   Check if swap backing store is full
#   Decrease Java heap size (-Xmx/-Xms)
#   Decrease number of Java threads
#   Decrease Java thread stack sizes (-Xss)
#   Set larger code cache with -XX:ReservedCodeCacheSize=
#   JVM is running with Unscaled Compressed Oops mode in which the Java heap is
#     placed in the first 4GB address space. The Java Heap base address is the
#     maximum limit for the native heap growth. Please use -XX:HeapBaseMinAddress
#     to set the Java Heap base and to place the Java Heap above 4GB virtual address.
# This output file may be truncated or incomplete.
#
#  Out of Memory Error (arena.cpp:168), pid=46796, tid=46208
#
# JRE version: OpenJDK Runtime Environment Temurin-21.0.10+7 (21.0.10+7) (build 21.0.10+7-LTS)
# Java VM: OpenJDK 64-Bit Server VM Temurin-21.0.10+7 (21.0.10+7-LTS, mixed mode, sharing, tiered, compressed oops, compressed class ptrs, parallel gc, windows-amd64)
# No core dump will be written. Minidumps are not enabled by default on client versions of Windows
#

---------------  S U M M A R Y ------------

Command Line: --add-modules=ALL-SYSTEM --add-opens=java.base/java.util=ALL-UNNAMED --add-opens=java.base/java.lang=ALL-UNNAMED --add-opens=java.base/sun.nio.fs=ALL-UNNAMED -Declipse.application=org.eclipse.jdt.ls.core.id1 -Dosgi.bundles.defaultStartLevel=4 -Declipse.product=org.eclipse.jdt.ls.core.product -Djava.import.generatesMetadataFilesAtProjectRoot=false -DDetectVMInstallationsJob.disabled=true -Dfile.encoding=utf8 -XX:+UseParallelGC -XX:GCTimeRatio=4 -XX:AdaptiveSizePolicyWeight=90 -Dsun.zip.disableMemoryMapping=true -Xmx2G -Xms100m -Xlog:disable -javaagent:c:\Users\Usuario\.vscode\extensions\redhat.java-1.53.0-win32-x64\lombok\lombok-1.18.39-4050.jar -XX:+HeapDumpOnOutOfMemoryError -XX:HeapDumpPath=c:\Users\Usuario\AppData\Roaming\Code\User\workspaceStorage\1e0a85bc105a14e355e8bfcd29007be1\redhat.java -Daether.dependencyCollector.impl=bf c:\Users\Usuario\.vscode\extensions\redhat.java-1.53.0-win32-x64\server\plugins\org.eclipse.equinox.launcher_1.7.100.v20251111-0406.jar -configuration c:\Users\Usuario\AppData\Roaming\Code\User\globalStorage\redhat.java\1.53.0\config_win -data c:\Users\Usuario\AppData\Roaming\Code\User\workspaceStorage\1e0a85bc105a14e355e8bfcd29007be1\redhat.java\jdt_ws --pipe=\\.\pipe\lsp-698f0ed860000dfbc1dbf87e08a2c908-sock

Host: Intel(R) Core(TM) i3-1005G1 CPU @ 1.20GHz, 4 cores, 7G,  Windows 11 , 64 bit Build 26100 (10.0.26100.7920)
Time: Thu Mar 19 11:28:39 2026 Hora est. Pac璗ico, Sudam廨ica elapsed time: 38.010722 seconds (0d 0h 0m 38s)

---------------  T H R E A D  ---------------

Current thread (0x0000020aae74c470):  JavaThread "C2 CompilerThread0" daemon [_thread_in_native, id=46208, stack(0x000000f249300000,0x000000f249400000) (1024K)]


Current CompileTask:
C2:38010 3305       4       java.lang.invoke.MethodType::makeImpl (109 bytes)

Stack: [0x000000f249300000,0x000000f249400000]
Native frames: (J=compiled Java code, j=interpreted, Vv=VM code, C=native code)
V  [jvm.dll+0x6d7a39]
V  [jvm.dll+0x8b4b26]
V  [jvm.dll+0x8b70de]
V  [jvm.dll+0x8b77c3]
V  [jvm.dll+0x284346]
V  [jvm.dll+0xc66ed]
V  [jvm.dll+0xc6c31]
V  [jvm.dll+0x3bec01]
V  [jvm.dll+0x38b162]
V  [jvm.dll+0x38a5aa]
V  [jvm.dll+0x24c560]
V  [jvm.dll+0x24bb40]
V  [jvm.dll+0x1cb34e]
V  [jvm.dll+0x25b85d]
V  [jvm.dll+0x259dea]
V  [jvm.dll+0x3f857e]
V  [jvm.dll+0x85f59d]
V  [jvm.dll+0x6d626d]
C  [ucrtbase.dll+0x37b0]
C  [KERNEL32.DLL+0x2e8d7]
C  [ntdll.dll+0x8c48c]


---------------  P R O C E S S  ---------------

Threads class SMR info:
_java_thread_list=0x0000020af52429e0, length=22, elements={
0x0000020a95b5f680, 0x0000020a97e0dde0, 0x0000020aae7422f0, 0x0000020aae7430e0,
0x0000020aae745d50, 0x0000020aae7487c0, 0x0000020aae749220, 0x0000020aae74c470,
0x0000020aae7c5020, 0x0000020af05d0040, 0x0000020af06b2b00, 0x0000020af57ebc60,
0x0000020af57e5490, 0x0000020af5140970, 0x0000020af0547a50, 0x0000020af55ddff0,
0x0000020af56770c0, 0x0000020af5677de0, 0x0000020af5675d10, 0x0000020af56763a0,
0x0000020af5678b00, 0x0000020af5779290
}

Java Threads: ( => current thread )
  0x0000020a95b5f680 JavaThread "main"                              [_thread_blocked, id=50812, stack(0x000000f248900000,0x000000f248a00000) (1024K)]
  0x0000020a97e0dde0 JavaThread "Reference Handler"          daemon [_thread_blocked, id=41184, stack(0x000000f248d00000,0x000000f248e00000) (1024K)]
  0x0000020aae7422f0 JavaThread "Finalizer"                  daemon [_thread_blocked, id=49900, stack(0x000000f248e00000,0x000000f248f00000) (1024K)]
  0x0000020aae7430e0 JavaThread "Signal Dispatcher"          daemon [_thread_blocked, id=34716, stack(0x000000f248f00000,0x000000f249000000) (1024K)]
  0x0000020aae745d50 JavaThread "Attach Listener"            daemon [_thread_blocked, id=44888, stack(0x000000f249000000,0x000000f249100000) (1024K)]
  0x0000020aae7487c0 JavaThread "Service Thread"             daemon [_thread_blocked, id=48892, stack(0x000000f249100000,0x000000f249200000) (1024K)]
  0x0000020aae749220 JavaThread "Monitor Deflation Thread"   daemon [_thread_blocked, id=46640, stack(0x000000f249200000,0x000000f249300000) (1024K)]
=>0x0000020aae74c470 JavaThread "C2 CompilerThread0"         daemon [_thread_in_native, id=46208, stack(0x000000f249300000,0x000000f249400000) (1024K)]
  0x0000020aae7c5020 JavaThread "C1 CompilerThread0"         daemon [_thread_blocked, id=50880, stack(0x000000f249400000,0x000000f249500000) (1024K)]
  0x0000020af05d0040 JavaThread "Common-Cleaner"             daemon [_thread_blocked, id=46452, stack(0x000000f249500000,0x000000f249600000) (1024K)]
  0x0000020af06b2b00 JavaThread "Notification Thread"        daemon [_thread_blocked, id=35980, stack(0x000000f249600000,0x000000f249700000) (1024K)]
  0x0000020af57ebc60 JavaThread "Active Thread: Equinox Container: 257ea083-4cf4-41f1-b11c-8b4fc42fee44"        [_thread_blocked, id=49660, stack(0x000000f249a00000,0x000000f249b00000) (1024K)]
  0x0000020af57e5490 JavaThread "Refresh Thread: Equinox Container: 257ea083-4cf4-41f1-b11c-8b4fc42fee44" daemon [_thread_blocked, id=51772, stack(0x000000f249b00000,0x000000f249c00000) (1024K)]
  0x0000020af5140970 JavaThread "Framework Event Dispatcher: Equinox Container: 257ea083-4cf4-41f1-b11c-8b4fc42fee44" daemon [_thread_blocked, id=43036, stack(0x000000f249c00000,0x000000f249d00000) (1024K)]
  0x0000020af0547a50 JavaThread "Start Level: Equinox Container: 257ea083-4cf4-41f1-b11c-8b4fc42fee44" daemon [_thread_in_vm, id=38724, stack(0x000000f249d00000,0x000000f249e00000) (1024K)]
  0x0000020af55ddff0 JavaThread "Bundle File Closer"         daemon [_thread_blocked, id=11472, stack(0x000000f249f00000,0x000000f24a000000) (1024K)]
  0x0000020af56770c0 JavaThread "SCR Component Actor"        daemon [_thread_blocked, id=11552, stack(0x000000f249e00000,0x000000f249f00000) (1024K)]
  0x0000020af5677de0 JavaThread "Worker-JM"                         [_thread_blocked, id=8016, stack(0x000000f24a100000,0x000000f24a200000) (1024K)]
  0x0000020af5675d10 JavaThread "JNA Cleaner"                daemon [_thread_blocked, id=15388, stack(0x000000f24a000000,0x000000f24a100000) (1024K)]
  0x0000020af56763a0 JavaThread "Worker-0: Checking project encoding"        [_thread_blocked, id=13612, stack(0x000000f24a200000,0x000000f24a300000) (1024K)]
  0x0000020af5678b00 JavaThread "Worker-1"                          [_thread_blocked, id=3972, stack(0x000000f24a300000,0x000000f24a400000) (1024K)]
  0x0000020af5779290 JavaThread "C2 CompilerThread1"         daemon [_thread_blocked, id=12896, stack(0x000000f24a400000,0x000000f24a500000) (1024K)]
Total: 22

Other Threads:
  0x0000020aae73fb10 VMThread "VM Thread"                           [id=40184, stack(0x000000f248c00000,0x000000f248d00000) (1024K)]
  0x0000020a97dc44f0 WatcherThread "VM Periodic Task Thread"        [id=37080, stack(0x000000f248b00000,0x000000f248c00000) (1024K)]
  0x0000020a97d76f80 WorkerThread "GC Thread#0"                     [id=49020, stack(0x000000f248a00000,0x000000f248b00000) (1024K)]
  0x0000020af53b6400 WorkerThread "GC Thread#1"                     [id=44936, stack(0x000000f249700000,0x000000f249800000) (1024K)]
  0x0000020af0817590 WorkerThread "GC Thread#2"                     [id=41044, stack(0x000000f249800000,0x000000f249900000) (1024K)]
  0x0000020af081c590 WorkerThread "GC Thread#3"                     [id=49032, stack(0x000000f249900000,0x000000f249a00000) (1024K)]
Total: 6

Threads with active compile tasks:
C2 CompilerThread0  38069 3305       4       java.lang.invoke.MethodType::makeImpl (109 bytes)
Total: 1

VM state: not at safepoint (normal execution)

VM Mutex/Monitor currently owned by a thread: None

Heap address: 0x0000000080000000, size: 2048 MB, Compressed Oops mode: 32-bit

CDS archive(s) mapped at: [0x0000020aaf000000-0x0000020aafba0000-0x0000020aafba0000), size 12189696, SharedBaseAddress: 0x0000020aaf000000, ArchiveRelocationMode: 1.
Compressed class space mapped at: 0x0000020ab0000000-0x0000020af0000000, reserved size: 1073741824
Narrow klass base: 0x0000020aaf000000, Narrow klass shift: 0, Narrow klass range: 0x100000000

GC Precious Log:
 CardTable entry size: 512
 CPUs: 4 total, 4 available
 Memory: 7880M
 Large Page Support: Disabled
 NUMA Support: Disabled
 Compressed Oops: Enabled (32-bit)
 Alignments: Space 512K, Generation 512K, Heap 2M
 Heap Min Capacity: 100M
 Heap Initial Capacity: 100M
 Heap Max Capacity: 2G
 Pre-touch: Disabled
 Parallel Workers: 4

Heap:
 PSYoungGen      total 29184K, used 23622K [0x00000000d5580000, 0x00000000d7900000, 0x0000000100000000)
  eden space 25088K, 77% used [0x00000000d5580000,0x00000000d6894258,0x00000000d6e00000)
  from space 4096K, 99% used [0x00000000d6e80000,0x00000000d727d928,0x00000000d7280000)
  to   space 5632K, 0% used [0x00000000d7380000,0x00000000d7380000,0x00000000d7900000)
 ParOldGen       total 68608K, used 8252K [0x0000000080000000, 0x0000000084300000, 0x00000000d5580000)
  object space 68608K, 12% used [0x0000000080000000,0x000000008080f030,0x0000000084300000)
 Metaspace       used 18279K, committed 19136K, reserved 1114112K
  class space    used 1903K, committed 2304K, reserved 1048576K

Card table byte_map: [0x0000020a97710000,0x0000020a97b20000] _byte_map_base: 0x0000020a97310000

Marking Bits: (ParMarkBitMap*) 0x00007ffceb643450
 Begin Bits: [0x0000020aaa200000, 0x0000020aac200000)
 End Bits:   [0x0000020aac200000, 0x0000020aae200000)

Polling page: 0x0000020a95fb0000

Metaspace:

Usage:
  Non-class:     15.99 MB used.
      Class:      1.86 MB used.
       Both:     17.85 MB used.

Virtual space:
  Non-class space:       64.00 MB reserved,      16.44 MB ( 26%) committed,  1 nodes.
      Class space:        1.00 GB reserved,       2.25 MB ( <1%) committed,  1 nodes.
             Both:        1.06 GB reserved,      18.69 MB (  2%) committed. 

Chunk freelists:
   Non-Class:  15.27 MB
       Class:  13.68 MB
        Both:  28.95 MB

MaxMetaspaceSize: unlimited
CompressedClassSpaceSize: 1.00 GB
Initial GC threshold: 21.00 MB
Current GC threshold: 21.00 MB
CDS: on
 - commit_granule_bytes: 65536.
 - commit_granule_words: 8192.
 - virtual_space_node_default_size: 8388608.
 - enlarge_chunks_in_place: 1.
 - use_allocation_guard: 0.


Internal statistics:

num_allocs_failed_limit: 0.
num_arena_births: 556.
num_arena_deaths: 0.
num_vsnodes_births: 2.
num_vsnodes_deaths: 0.
num_space_committed: 299.
num_space_uncommitted: 0.
num_chunks_returned_to_freelist: 0.
num_chunks_taken_from_freelist: 1248.
num_chunk_merges: 0.
num_chunk_splits: 779.
num_chunks_enlarged: 490.
num_inconsistent_stats: 0.

CodeHeap 'non-profiled nmethods': size=120000Kb used=1575Kb max_used=1575Kb free=118425Kb
 bounds [0x0000020aa2a20000, 0x0000020aa2c90000, 0x0000020aa9f50000]
CodeHeap 'profiled nmethods': size=120000Kb used=7089Kb max_used=7089Kb free=112910Kb
 bounds [0x0000020a9af50000, 0x0000020a9b640000, 0x0000020aa2480000]
CodeHeap 'non-nmethods': size=5760Kb used=1285Kb max_used=1298Kb free=4474Kb
 bounds [0x0000020aa2480000, 0x0000020aa26f0000, 0x0000020aa2a20000]
CodeCache: size=245760Kb, used=9949Kb, max_used=9962Kb, free=235809Kb
 total_blobs=4009, nmethods=3455, adapters=460, full_count=0
Compilation: enabled, stopped_count=0, restarted_count=0

Compilation events (20 events):
Event: 37.748 Thread 0x0000020aae7c5020 3380       1       java.util.concurrent.atomic.AtomicInteger::set (6 bytes)
Event: 37.748 Thread 0x0000020aae7c5020 nmethod 3380 0x0000020aa2ba6710 code [0x0000020aa2ba68a0, 0x0000020aa2ba6970]
Event: 37.749 Thread 0x0000020aae7c5020 3381       1       org.apache.felix.scr.impl.inject.methods.BaseMethod::getMethodName (5 bytes)
Event: 37.749 Thread 0x0000020aae7c5020 nmethod 3381 0x0000020aa2ba6a10 code [0x0000020aa2ba6ba0, 0x0000020aa2ba6c68]
Event: 37.749 Thread 0x0000020aae7c5020 3382       3       org.eclipse.osgi.internal.serviceregistry.ServiceRegistrationImpl::compareTo (27 bytes)
Event: 37.750 Thread 0x0000020aae7c5020 nmethod 3382 0x0000020a9b612e90 code [0x0000020a9b613080, 0x0000020a9b613688]
Event: 37.750 Thread 0x0000020aae7c5020 3384       3       org.eclipse.osgi.internal.framework.FilterImpl$And::matches0 (41 bytes)
Event: 37.750 Thread 0x0000020aae7c5020 nmethod 3384 0x0000020a9b613810 code [0x0000020a9b6139e0, 0x0000020a9b613d08]
Event: 37.750 Thread 0x0000020aae7c5020 3383       1       org.apache.felix.scr.impl.manager.DependencyManager::access$000 (5 bytes)
Event: 37.750 Thread 0x0000020aae7c5020 nmethod 3383 0x0000020aa2ba6d10 code [0x0000020aa2ba6ea0, 0x0000020aa2ba6f50]
Event: 37.752 Thread 0x0000020aae7c5020 3385       3       org.apache.felix.scr.impl.logger.ScrLogManager$ScrLoggerFacade::log (16 bytes)
Event: 37.752 Thread 0x0000020aae7c5020 nmethod 3385 0x0000020a9b613e90 code [0x0000020a9b614060, 0x0000020a9b614260]
Event: 37.752 Thread 0x0000020aae7c5020 3386       3       org.apache.felix.scr.impl.manager.DependencyManager::hasGetPermission (37 bytes)
Event: 37.752 Thread 0x0000020aae7c5020 nmethod 3386 0x0000020a9b614390 code [0x0000020a9b614540, 0x0000020a9b614738]
Event: 37.753 Thread 0x0000020aae7c5020 3387       3       org.apache.felix.scr.impl.manager.DependencyManager::cardinalitySatisfied (14 bytes)
Event: 37.753 Thread 0x0000020aae7c5020 nmethod 3387 0x0000020a9b614810 code [0x0000020a9b6149a0, 0x0000020a9b614b00]
Event: 37.758 Thread 0x0000020aae7c5020 3388       3       java.lang.ref.SoftReference::get (29 bytes)
Event: 37.758 Thread 0x0000020aae7c5020 nmethod 3388 0x0000020a9b614b90 code [0x0000020a9b614d40, 0x0000020a9b614ed8]
Event: 37.759 Thread 0x0000020aae7c5020 3389       3       java.lang.invoke.InvokerBytecodeGenerator::<init> (80 bytes)
Event: 37.760 Thread 0x0000020aae7c5020 nmethod 3389 0x0000020a9b614f90 code [0x0000020a9b615160, 0x0000020a9b6154f8]

GC Heap History (10 events):
Event: 3.477 GC heap before
{Heap before GC invocations=1 (full 0):
 PSYoungGen      total 29696K, used 25600K [0x00000000d5580000, 0x00000000d7680000, 0x0000000100000000)
  eden space 25600K, 100% used [0x00000000d5580000,0x00000000d6e80000,0x00000000d6e80000)
  from space 4096K, 0% used [0x00000000d7280000,0x00000000d7280000,0x00000000d7680000)
  to   space 4096K, 0% used [0x00000000d6e80000,0x00000000d6e80000,0x00000000d7280000)
 ParOldGen       total 68608K, used 0K [0x0000000080000000, 0x0000000084300000, 0x00000000d5580000)
  object space 68608K, 0% used [0x0000000080000000,0x0000000080000000,0x0000000084300000)
 Metaspace       used 4385K, committed 4608K, reserved 1114112K
  class space    used 475K, committed 576K, reserved 1048576K
}
Event: 3.486 GC heap after
{Heap after GC invocations=1 (full 0):
 PSYoungGen      total 29696K, used 3280K [0x00000000d5580000, 0x00000000d7680000, 0x0000000100000000)
  eden space 25600K, 0% used [0x00000000d5580000,0x00000000d5580000,0x00000000d6e80000)
  from space 4096K, 80% used [0x00000000d6e80000,0x00000000d71b4148,0x00000000d7280000)
  to   space 4096K, 0% used [0x00000000d7280000,0x00000000d7280000,0x00000000d7680000)
 ParOldGen       total 68608K, used 16K [0x0000000080000000, 0x0000000084300000, 0x00000000d5580000)
  object space 68608K, 0% used [0x0000000080000000,0x0000000080004000,0x0000000084300000)
 Metaspace       used 4385K, committed 4608K, reserved 1114112K
  class space    used 475K, committed 576K, reserved 1048576K
}
Event: 11.372 GC heap before
{Heap before GC invocations=2 (full 0):
 PSYoungGen      total 29696K, used 28880K [0x00000000d5580000, 0x00000000d7680000, 0x0000000100000000)
  eden space 25600K, 100% used [0x00000000d5580000,0x00000000d6e80000,0x00000000d6e80000)
  from space 4096K, 80% used [0x00000000d6e80000,0x00000000d71b4148,0x00000000d7280000)
  to   space 4096K, 0% used [0x00000000d7280000,0x00000000d7280000,0x00000000d7680000)
 ParOldGen       total 68608K, used 16K [0x0000000080000000, 0x0000000084300000, 0x00000000d5580000)
  object space 68608K, 0% used [0x0000000080000000,0x0000000080004000,0x0000000084300000)
 Metaspace       used 8011K, committed 8320K, reserved 1114112K
  class space    used 830K, committed 960K, reserved 1048576K
}
Event: 11.377 GC heap after
{Heap after GC invocations=2 (full 0):
 PSYoungGen      total 29696K, used 4070K [0x00000000d5580000, 0x00000000d7680000, 0x0000000100000000)
  eden space 25600K, 0% used [0x00000000d5580000,0x00000000d5580000,0x00000000d6e80000)
  from space 4096K, 99% used [0x00000000d7280000,0x00000000d7679800,0x00000000d7680000)
  to   space 4096K, 0% used [0x00000000d6e80000,0x00000000d6e80000,0x00000000d7280000)
 ParOldGen       total 68608K, used 2049K [0x0000000080000000, 0x0000000084300000, 0x00000000d5580000)
  object space 68608K, 2% used [0x0000000080000000,0x0000000080200638,0x0000000084300000)
 Metaspace       used 8011K, committed 8320K, reserved 1114112K
  class space    used 830K, committed 960K, reserved 1048576K
}
Event: 17.156 GC heap before
{Heap before GC invocations=3 (full 0):
 PSYoungGen      total 29696K, used 29670K [0x00000000d5580000, 0x00000000d7680000, 0x0000000100000000)
  eden space 25600K, 100% used [0x00000000d5580000,0x00000000d6e80000,0x00000000d6e80000)
  from space 4096K, 99% used [0x00000000d7280000,0x00000000d7679800,0x00000000d7680000)
  to   space 4096K, 0% used [0x00000000d6e80000,0x00000000d6e80000,0x00000000d7280000)
 ParOldGen       total 68608K, used 2049K [0x0000000080000000, 0x0000000084300000, 0x00000000d5580000)
  object space 68608K, 2% used [0x0000000080000000,0x0000000080200638,0x0000000084300000)
 Metaspace       used 9488K, committed 9856K, reserved 1114112K
  class space    used 1010K, committed 1152K, reserved 1048576K
}
Event: 17.165 GC heap after
{Heap after GC invocations=3 (full 0):
 PSYoungGen      total 29696K, used 4082K [0x00000000d5580000, 0x00000000d7680000, 0x0000000100000000)
  eden space 25600K, 0% used [0x00000000d5580000,0x00000000d5580000,0x00000000d6e80000)
  from space 4096K, 99% used [0x00000000d6e80000,0x00000000d727c878,0x00000000d7280000)
  to   space 4096K, 0% used [0x00000000d7280000,0x00000000d7280000,0x00000000d7680000)
 ParOldGen       total 68608K, used 5119K [0x0000000080000000, 0x0000000084300000, 0x00000000d5580000)
  object space 68608K, 7% used [0x0000000080000000,0x00000000804ffea8,0x0000000084300000)
 Metaspace       used 9488K, committed 9856K, reserved 1114112K
  class space    used 1010K, committed 1152K, reserved 1048576K
}
Event: 35.989 GC heap before
{Heap before GC invocations=4 (full 0):
 PSYoungGen      total 29696K, used 29682K [0x00000000d5580000, 0x00000000d7680000, 0x0000000100000000)
  eden space 25600K, 100% used [0x00000000d5580000,0x00000000d6e80000,0x00000000d6e80000)
  from space 4096K, 99% used [0x00000000d6e80000,0x00000000d727c878,0x00000000d7280000)
  to   space 4096K, 0% used [0x00000000d7280000,0x00000000d7280000,0x00000000d7680000)
 ParOldGen       total 68608K, used 5119K [0x0000000080000000, 0x0000000084300000, 0x00000000d5580000)
  object space 68608K, 7% used [0x0000000080000000,0x00000000804ffea8,0x0000000084300000)
 Metaspace       used 11472K, committed 11840K, reserved 1114112K
  class space    used 1193K, committed 1344K, reserved 1048576K
}
Event: 35.997 GC heap after
{Heap after GC invocations=4 (full 0):
 PSYoungGen      total 29696K, used 4083K [0x00000000d5580000, 0x00000000d7680000, 0x0000000100000000)
  eden space 25600K, 0% used [0x00000000d5580000,0x00000000d5580000,0x00000000d6e80000)
  from space 4096K, 99% used [0x00000000d7280000,0x00000000d767cf80,0x00000000d7680000)
  to   space 4096K, 0% used [0x00000000d6e80000,0x00000000d6e80000,0x00000000d7280000)
 ParOldGen       total 68608K, used 7276K [0x0000000080000000, 0x0000000084300000, 0x00000000d5580000)
  object space 68608K, 10% used [0x0000000080000000,0x000000008071b030,0x0000000084300000)
 Metaspace       used 11472K, committed 11840K, reserved 1114112K
  class space    used 1193K, committed 1344K, reserved 1048576K
}
Event: 36.899 GC heap before
{Heap before GC invocations=5 (full 0):
 PSYoungGen      total 29696K, used 29683K [0x00000000d5580000, 0x00000000d7680000, 0x0000000100000000)
  eden space 25600K, 100% used [0x00000000d5580000,0x00000000d6e80000,0x00000000d6e80000)
  from space 4096K, 99% used [0x00000000d7280000,0x00000000d767cf80,0x00000000d7680000)
  to   space 4096K, 0% used [0x00000000d6e80000,0x00000000d6e80000,0x00000000d7280000)
 ParOldGen       total 68608K, used 7276K [0x0000000080000000, 0x0000000084300000, 0x00000000d5580000)
  object space 68608K, 10% used [0x0000000080000000,0x000000008071b030,0x0000000084300000)
 Metaspace       used 15378K, committed 16000K, reserved 1114112K
  class space    used 1575K, committed 1856K, reserved 1048576K
}
Event: 36.906 GC heap after
{Heap after GC invocations=5 (full 0):
 PSYoungGen      total 29184K, used 4086K [0x00000000d5580000, 0x00000000d7900000, 0x0000000100000000)
  eden space 25088K, 0% used [0x00000000d5580000,0x00000000d5580000,0x00000000d6e00000)
  from space 4096K, 99% used [0x00000000d6e80000,0x00000000d727d928,0x00000000d7280000)
  to   space 5632K, 0% used [0x00000000d7380000,0x00000000d7380000,0x00000000d7900000)
 ParOldGen       total 68608K, used 8252K [0x0000000080000000, 0x0000000084300000, 0x00000000d5580000)
  object space 68608K, 12% used [0x0000000080000000,0x000000008080f030,0x0000000084300000)
 Metaspace       used 15378K, committed 16000K, reserved 1114112K
  class space    used 1575K, committed 1856K, reserved 1048576K
}

Dll operation events (10 events):
Event: 0.035 Loaded shared library c:\Users\Usuario\.vscode\extensions\redhat.java-1.53.0-win32-x64\jre\21.0.10-win32-x86_64\bin\java.dll
Event: 0.102 Loaded shared library c:\Users\Usuario\.vscode\extensions\redhat.java-1.53.0-win32-x64\jre\21.0.10-win32-x86_64\bin\zip.dll
Event: 0.300 Loaded shared library C:\Users\Usuario\.vscode\extensions\redhat.java-1.53.0-win32-x64\jre\21.0.10-win32-x86_64\bin\instrument.dll
Event: 0.306 Loaded shared library C:\Users\Usuario\.vscode\extensions\redhat.java-1.53.0-win32-x64\jre\21.0.10-win32-x86_64\bin\net.dll
Event: 0.309 Loaded shared library C:\Users\Usuario\.vscode\extensions\redhat.java-1.53.0-win32-x64\jre\21.0.10-win32-x86_64\bin\nio.dll
Event: 0.313 Loaded shared library C:\Users\Usuario\.vscode\extensions\redhat.java-1.53.0-win32-x64\jre\21.0.10-win32-x86_64\bin\zip.dll
Event: 0.425 Loaded shared library C:\Users\Usuario\.vscode\extensions\redhat.java-1.53.0-win32-x64\jre\21.0.10-win32-x86_64\bin\jimage.dll
Event: 0.832 Loaded shared library c:\Users\Usuario\.vscode\extensions\redhat.java-1.53.0-win32-x64\jre\21.0.10-win32-x86_64\bin\verify.dll
Event: 11.527 Loaded shared library C:\Users\Usuario\AppData\Roaming\Code\User\globalStorage\redhat.java\1.53.0\config_win\org.eclipse.equinox.launcher\org.eclipse.equinox.launcher.win32.win32.x86_64_1.3.0.v20260203-2149\eclipse_11919.dll
Event: 37.524 Loaded shared library C:\Users\Usuario\AppData\Local\Temp\jna-1531808526\jna583752763401499215.dll

Deoptimization events (20 events):
Event: 37.194 Thread 0x0000020af0547a50 Uncommon trap: trap_request=0xffffff45 fr.pc=0x0000020aa2ae8580 relative=0x0000000000000240
Event: 37.194 Thread 0x0000020af0547a50 Uncommon trap: reason=unstable_if action=reinterpret pc=0x0000020aa2ae8580 method=java.io.WinNTFileSystem.normalize(Ljava/lang/String;)Ljava/lang/String; @ 128 c2
Event: 37.194 Thread 0x0000020af0547a50 DEOPT PACKING pc=0x0000020aa2ae8580 sp=0x000000f249df7910
Event: 37.194 Thread 0x0000020af0547a50 DEOPT UNPACKING pc=0x0000020aa24d6da2 sp=0x000000f249df7888 mode 2
Event: 37.203 Thread 0x0000020af0547a50 Uncommon trap: trap_request=0xffffff45 fr.pc=0x0000020aa2a5b598 relative=0x00000000000005f8
Event: 37.203 Thread 0x0000020af0547a50 Uncommon trap: reason=unstable_if action=reinterpret pc=0x0000020aa2a5b598 method=java.lang.String.replace(Ljava/lang/CharSequence;Ljava/lang/CharSequence;)Ljava/lang/String; @ 42 c2
Event: 37.203 Thread 0x0000020af0547a50 DEOPT PACKING pc=0x0000020aa2a5b598 sp=0x000000f249df7a10
Event: 37.203 Thread 0x0000020af0547a50 DEOPT UNPACKING pc=0x0000020aa24d6da2 sp=0x000000f249df7980 mode 2
Event: 37.679 Thread 0x0000020af0547a50 Uncommon trap: trap_request=0xffffff45 fr.pc=0x0000020aa2ba2324 relative=0x0000000000000084
Event: 37.679 Thread 0x0000020af0547a50 Uncommon trap: reason=unstable_if action=reinterpret pc=0x0000020aa2ba2324 method=java.lang.ref.SoftReference.get()Ljava/lang/Object; @ 6 c2
Event: 37.679 Thread 0x0000020af0547a50 DEOPT PACKING pc=0x0000020aa2ba2324 sp=0x000000f249df9900
Event: 37.679 Thread 0x0000020af0547a50 DEOPT UNPACKING pc=0x0000020aa24d6da2 sp=0x000000f249df9898 mode 2
Event: 37.724 Thread 0x0000020af56763a0 Uncommon trap: trap_request=0xffffff45 fr.pc=0x0000020aa2b2ba60 relative=0x00000000000000c0
Event: 37.724 Thread 0x0000020af56763a0 Uncommon trap: reason=unstable_if action=reinterpret pc=0x0000020aa2b2ba60 method=java.util.concurrent.locks.ReentrantLock$NonfairSync.initialTryLock()Z @ 25 c2
Event: 37.724 Thread 0x0000020af56763a0 DEOPT PACKING pc=0x0000020aa2b2ba60 sp=0x000000f24a2fdf20
Event: 37.724 Thread 0x0000020af56763a0 DEOPT UNPACKING pc=0x0000020aa24d6da2 sp=0x000000f24a2fdea0 mode 2
Event: 37.727 Thread 0x0000020af0547a50 Uncommon trap: trap_request=0xffffff45 fr.pc=0x0000020aa2b68f10 relative=0x0000000000000070
Event: 37.727 Thread 0x0000020af0547a50 Uncommon trap: reason=unstable_if action=reinterpret pc=0x0000020aa2b68f10 method=java.lang.ref.ReferenceQueue.poll()Ljava/lang/ref/Reference; @ 4 c2
Event: 37.727 Thread 0x0000020af0547a50 DEOPT PACKING pc=0x0000020aa2b68f10 sp=0x000000f249df77a0
Event: 37.727 Thread 0x0000020af0547a50 DEOPT UNPACKING pc=0x0000020aa24d6da2 sp=0x000000f249df7728 mode 2

Classes loaded (20 events):
Event: 37.552 Loading class java/lang/reflect/UndeclaredThrowableException
Event: 37.552 Loading class java/lang/reflect/UndeclaredThrowableException done
Event: 37.552 Loading class java/lang/Class$AnnotationData
Event: 37.552 Loading class java/lang/Class$AnnotationData done
Event: 37.554 Loading class jdk/internal/reflect/MethodHandleIntegerFieldAccessorImpl
Event: 37.554 Loading class jdk/internal/reflect/MethodHandleIntegerFieldAccessorImpl done
Event: 37.591 Loading class java/io/PrintWriter
Event: 37.591 Loading class java/io/PrintWriter done
Event: 37.603 Loading class jdk/internal/reflect/MethodHandleShortFieldAccessorImpl
Event: 37.603 Loading class jdk/internal/reflect/MethodHandleShortFieldAccessorImpl done
Event: 37.604 Loading class java/lang/Short$ShortCache
Event: 37.604 Loading class java/lang/Short$ShortCache done
Event: 37.670 Loading class java/util/function/LongUnaryOperator
Event: 37.670 Loading class java/util/function/LongUnaryOperator done
Event: 37.671 Loading class java/lang/ThreadDeath
Event: 37.671 Loading class java/lang/ThreadDeath done
Event: 37.690 Loading class java/util/stream/SortedOps$SizedRefSortingSink
Event: 37.690 Loading class java/util/stream/SortedOps$SizedRefSortingSink done
Event: 37.744 Loading class java/util/concurrent/atomic/Striped64$1
Event: 37.744 Loading class java/util/concurrent/atomic/Striped64$1 done

Classes unloaded (0 events):
No events

Classes redefined (0 events):
No events

Internal exceptions (20 events):
Event: 37.009 Thread 0x0000020af0547a50 Exception <a 'java/lang/NoSuchMethodError'{0x00000000d587ece8}: 'java.lang.Object java.lang.invoke.DirectMethodHandle$Holder.newInvokeSpecial(java.lang.Object, java.lang.Object, java.lang.Object, java.lang.Object, java.lang.Object)'> (0x00000000d587ece8) 
thrown [s\src\hotspot\share\interpreter\linkResolver.cpp, line 773]
Event: 37.104 Thread 0x0000020af0547a50 Exception <a 'java/lang/NoSuchMethodError'{0x00000000d5aba010}: 'java.lang.Object java.lang.invoke.DirectMethodHandle$Holder.invokeStaticInit(java.lang.Object, int)'> (0x00000000d5aba010) 
thrown [s\src\hotspot\share\interpreter\linkResolver.cpp, line 773]
Event: 37.208 Thread 0x0000020af0547a50 Exception <a 'java/lang/NoSuchMethodError'{0x00000000d5d26db8}: 'java.lang.Object java.lang.invoke.DirectMethodHandle$Holder.invokeStaticInit(java.lang.Object, int, int, int, int)'> (0x00000000d5d26db8) 
thrown [s\src\hotspot\share\interpreter\linkResolver.cpp, line 773]
Event: 37.324 Thread 0x0000020af0547a50 Exception <a 'java/lang/NoSuchMethodError'{0x00000000d5e25b00}: 'java.lang.Object java.lang.invoke.DirectMethodHandle$Holder.invokeStaticInit(java.lang.Object, java.lang.Object, int, int, int, int)'> (0x00000000d5e25b00) 
thrown [s\src\hotspot\share\interpreter\linkResolver.cpp, line 773]
Event: 37.555 Thread 0x0000020af0547a50 Exception <a 'java/lang/NoSuchMethodError'{0x00000000d5f39af0}: 'void java.lang.invoke.DirectMethodHandle$Holder.invokeSpecial(java.lang.Object, java.lang.Object, java.lang.Object, int)'> (0x00000000d5f39af0) 
thrown [s\src\hotspot\share\interpreter\linkResolver.cpp, line 773]
Event: 37.555 Thread 0x0000020af0547a50 Exception <a 'java/lang/NoSuchMethodError'{0x00000000d5f3d480}: 'void java.lang.invoke.DelegatingMethodHandle$Holder.reinvoke_L(java.lang.Object, java.lang.Object, int)'> (0x00000000d5f3d480) 
thrown [s\src\hotspot\share\interpreter\linkResolver.cpp, line 773]
Event: 37.556 Thread 0x0000020af0547a50 Exception <a 'java/lang/NoSuchMethodError'{0x00000000d5f44168}: 'int java.lang.invoke.Invokers$Holder.invokeExact_MT(java.lang.Object, java.lang.Object, java.lang.Object)'> (0x00000000d5f44168) 
thrown [s\src\hotspot\share\interpreter\linkResolver.cpp, line 773]
Event: 37.607 Thread 0x0000020af0547a50 Exception <a 'java/lang/NoSuchMethodError'{0x00000000d604fc80}: 'void java.lang.invoke.Invokers$Holder.invokeExact_MT(java.lang.Object, java.lang.Object, int, java.lang.Object)'> (0x00000000d604fc80) 
thrown [s\src\hotspot\share\interpreter\linkResolver.cpp, line 773]
Event: 37.661 Thread 0x0000020af0547a50 Exception <a 'java/lang/NoSuchMethodError'{0x00000000d616ed30}: 'java.lang.Object java.lang.invoke.DirectMethodHandle$Holder.invokeSpecial(java.lang.Object, java.lang.Object, java.lang.Object, long, java.lang.Object)'> (0x00000000d616ed30) 
thrown [s\src\hotspot\share\interpreter\linkResolver.cpp, line 773]
Event: 37.664 Thread 0x0000020af0547a50 Exception <a 'java/lang/NoSuchMethodError'{0x00000000d6176578}: 'java.lang.Object java.lang.invoke.DirectMethodHandle$Holder.newInvokeSpecial(java.lang.Object, java.lang.Object, java.lang.Object, long)'> (0x00000000d6176578) 
thrown [s\src\hotspot\share\interpreter\linkResolver.cpp, line 773]
Event: 37.665 Thread 0x0000020af0547a50 Exception <a 'java/lang/NoSuchMethodError'{0x00000000d617a928}: 'java.lang.Object java.lang.invoke.DirectMethodHandle$Holder.invokeSpecial(java.lang.Object, java.lang.Object, java.lang.Object, java.lang.Object, long)'> (0x00000000d617a928) 
thrown [s\src\hotspot\share\interpreter\linkResolver.cpp, line 773]
Event: 37.666 Thread 0x0000020af0547a50 Exception <a 'java/lang/NoSuchMethodError'{0x00000000d617e548}: 'java.lang.Object java.lang.invoke.Invokers$Holder.linkToTargetMethod(java.lang.Object, java.lang.Object, long, java.lang.Object)'> (0x00000000d617e548) 
thrown [s\src\hotspot\share\interpreter\linkResolver.cpp, line 773]
Event: 37.682 Thread 0x0000020af0547a50 Exception <a 'java/lang/NoSuchMethodError'{0x00000000d61df768}: 'int java.lang.invoke.DirectMethodHandle$Holder.invokeStaticInit(java.lang.Object, java.lang.Object, java.lang.Object)'> (0x00000000d61df768) 
thrown [s\src\hotspot\share\interpreter\linkResolver.cpp, line 773]
Event: 37.714 Thread 0x0000020af0547a50 Exception <a 'java/lang/IncompatibleClassChangeError'{0x00000000d62a31a0}: Found class java.lang.Object, but interface was expected> (0x00000000d62a31a0) 
thrown [s\src\hotspot\share\interpreter\linkResolver.cpp, line 840]
Event: 37.720 Thread 0x0000020af0547a50 Exception <a 'java/lang/NoSuchMethodError'{0x00000000d62b3128}: 'java.lang.Object java.lang.invoke.DirectMethodHandle$Holder.invokeSpecial(java.lang.Object, java.lang.Object, java.lang.Object, int, java.lang.Object, java.lang.Object)'> (0x00000000d62b3128) 
thrown [s\src\hotspot\share\interpreter\linkResolver.cpp, line 773]
Event: 37.721 Thread 0x0000020af0547a50 Exception <a 'java/lang/NoSuchMethodError'{0x00000000d62bab40}: 'java.lang.Object java.lang.invoke.DirectMethodHandle$Holder.newInvokeSpecial(java.lang.Object, java.lang.Object, java.lang.Object, int, java.lang.Object)'> (0x00000000d62bab40) 
thrown [s\src\hotspot\share\interpreter\linkResolver.cpp, line 773]
Event: 37.721 Thread 0x0000020af0547a50 Exception <a 'java/lang/NoSuchMethodError'{0x00000000d62beac0}: 'java.lang.Object java.lang.invoke.DirectMethodHandle$Holder.invokeSpecial(java.lang.Object, java.lang.Object, java.lang.Object, java.lang.Object, int, java.lang.Object)'> (0x00000000d62beac0) 
thrown [s\src\hotspot\share\interpreter\linkResolver.cpp, line 773]
Event: 37.721 Thread 0x0000020af0547a50 Exception <a 'java/lang/NoSuchMethodError'{0x00000000d62c2600}: 'java.lang.Object java.lang.invoke.Invokers$Holder.linkToTargetMethod(java.lang.Object, java.lang.Object, int, java.lang.Object, java.lang.Object)'> (0x00000000d62c2600) 
thrown [s\src\hotspot\share\interpreter\linkResolver.cpp, line 773]
Event: 37.722 Thread 0x0000020af56763a0 Exception <a 'java/lang/NoSuchMethodError'{0x00000000d61efad0}: 'java.lang.Object java.lang.invoke.DirectMethodHandle$Holder.invokeSpecial(java.lang.Object, java.lang.Object, int, java.lang.Object, java.lang.Object)'> (0x00000000d61efad0) 
thrown [s\src\hotspot\share\interpreter\linkResolver.cpp, line 773]
Event: 37.747 Thread 0x0000020af0547a50 Exception <a 'java/lang/NoSuchMethodError'{0x00000000d63c7d80}: 'void java.lang.invoke.DirectMethodHandle$Holder.invokeSpecial(java.lang.Object, java.lang.Object, java.lang.Object, java.lang.Object, java.lang.Object)'> (0x00000000d63c7d80) 
thrown [s\src\hotspot\share\interpreter\linkResolver.cpp, line 773]

ZGC Phase Switch (0 events):
No events

VM Operations (20 events):
Event: 34.965 Executing safepoint VM operation: Cleanup
Event: 34.965 Executing safepoint VM operation: Cleanup done
Event: 35.849 Executing non-safepoint VM operation: HandshakeAllThreads (Deoptimize)
Event: 35.849 Executing non-safepoint VM operation: HandshakeAllThreads (Deoptimize) done
Event: 35.889 Executing safepoint VM operation: ICBufferFull
Event: 35.889 Executing safepoint VM operation: ICBufferFull done
Event: 35.989 Executing safepoint VM operation: ParallelGCFailedAllocation (Allocation Failure)
Event: 35.997 Executing safepoint VM operation: ParallelGCFailedAllocation (Allocation Failure) done
Event: 36.040 Executing non-safepoint VM operation: HandshakeAllThreads (Deoptimize)
Event: 36.040 Executing non-safepoint VM operation: HandshakeAllThreads (Deoptimize) done
Event: 36.872 Executing safepoint VM operation: ICBufferFull
Event: 36.872 Executing safepoint VM operation: ICBufferFull done
Event: 36.899 Executing safepoint VM operation: ParallelGCFailedAllocation (Allocation Failure)
Event: 36.906 Executing safepoint VM operation: ParallelGCFailedAllocation (Allocation Failure) done
Event: 36.920 Executing non-safepoint VM operation: HandshakeAllThreads (Deoptimize)
Event: 36.920 Executing non-safepoint VM operation: HandshakeAllThreads (Deoptimize) done
Event: 37.257 Executing non-safepoint VM operation: HandshakeAllThreads (Deoptimize)
Event: 37.257 Executing non-safepoint VM operation: HandshakeAllThreads (Deoptimize) done
Event: 37.537 Executing non-safepoint VM operation: HandshakeAllThreads (Deoptimize)
Event: 37.537 Executing non-safepoint VM operation: HandshakeAllThreads (Deoptimize) done

Memory protections (0 events):
No events

Nmethod flushes (0 events):
No events

Events (20 events):
Event: 4.013 Thread 0x0000020aae7c5020 Thread added: 0x0000020af55578e0
Event: 4.491 Thread 0x0000020af55578e0 Thread exited: 0x0000020af55578e0
Event: 5.051 Thread 0x0000020a95b5f680 Thread added: 0x0000020af57ebc60
Event: 11.394 Thread 0x0000020a95b5f680 Thread added: 0x0000020af57e5490
Event: 11.468 Thread 0x0000020af57e5490 Thread added: 0x0000020af5140970
Event: 11.532 Thread 0x0000020a95b5f680 Thread added: 0x0000020af0547a50
Event: 11.803 Thread 0x0000020aae7c5020 Thread added: 0x0000020af50ebeb0
Event: 12.689 Thread 0x0000020af50ebeb0 Thread exited: 0x0000020af50ebeb0
Event: 17.142 Thread 0x0000020aae7c5020 Thread added: 0x0000020af50eab80
Event: 17.320 Thread 0x0000020af0547a50 Thread added: 0x0000020af55ddff0
Event: 17.774 Thread 0x0000020af50eab80 Thread exited: 0x0000020af50eab80
Event: 35.295 Thread 0x0000020aae7c5020 Thread added: 0x0000020af07d5e90
Event: 35.610 Thread 0x0000020af07d5e90 Thread exited: 0x0000020af07d5e90
Event: 36.022 Thread 0x0000020af0547a50 Thread added: 0x0000020af56770c0
Event: 36.274 Thread 0x0000020aae7c5020 Thread added: 0x0000020af545e160
Event: 36.640 Thread 0x0000020af0547a50 Thread added: 0x0000020af5677de0
Event: 36.858 Thread 0x0000020af545e160 Thread exited: 0x0000020af545e160
Event: 37.588 Thread 0x0000020af0547a50 Thread added: 0x0000020af5675d10
Event: 37.674 Thread 0x0000020af0547a50 Thread added: 0x0000020af56763a0
Event: 37.723 Thread 0x0000020af0547a50 Thread added: 0x0000020af5678b00


Dynamic libraries:
0x00007ff75fbf0000 - 0x00007ff75fbfe000 	c:\Users\Usuario\.vscode\extensions\redhat.java-1.53.0-win32-x64\jre\21.0.10-win32-x86_64\bin\java.exe
0x00007ffd7ffc0000 - 0x00007ffd80227000 	C:\WINDOWS\SYSTEM32\ntdll.dll
0x00007ffd7e8b0000 - 0x00007ffd7e979000 	C:\WINDOWS\System32\KERNEL32.DLL
0x00007ffd7c8a0000 - 0x00007ffd7cc91000 	C:\WINDOWS\System32\KERNELBASE.dll
0x00007ffd79bc0000 - 0x00007ffd79c5f000 	C:\WINDOWS\SYSTEM32\apphelp.dll
0x00007ffd7d200000 - 0x00007ffd7d34b000 	C:\WINDOWS\System32\ucrtbase.dll
0x00007ffd2d460000 - 0x00007ffd2d478000 	c:\Users\Usuario\.vscode\extensions\redhat.java-1.53.0-win32-x64\jre\21.0.10-win32-x86_64\bin\jli.dll
0x00007ffd7ddc0000 - 0x00007ffd7df85000 	C:\WINDOWS\System32\USER32.dll
0x00007ffd7d4c0000 - 0x00007ffd7d4e7000 	C:\WINDOWS\System32\win32u.dll
0x00007ffd7ead0000 - 0x00007ffd7eafb000 	C:\WINDOWS\System32\GDI32.dll
0x00007ffd7d0d0000 - 0x00007ffd7d1fb000 	C:\WINDOWS\System32\gdi32full.dll
0x00007ffd7cca0000 - 0x00007ffd7cd43000 	C:\WINDOWS\System32\msvcp_win.dll
0x00007ffd0df80000 - 0x00007ffd0df9e000 	c:\Users\Usuario\.vscode\extensions\redhat.java-1.53.0-win32-x64\jre\21.0.10-win32-x86_64\bin\VCRUNTIME140.dll
0x00007ffd5d290000 - 0x00007ffd5d523000 	C:\WINDOWS\WinSxS\amd64_microsoft.windows.common-controls_6595b64144ccf1df_6.0.26100.8037_none_3e092faae333b53b\COMCTL32.dll
0x00007ffd7eda0000 - 0x00007ffd7ee49000 	C:\WINDOWS\System32\msvcrt.dll
0x00007ffd7e660000 - 0x00007ffd7e691000 	C:\WINDOWS\System32\IMM32.DLL
0x00007ffd6fb20000 - 0x00007ffd6fb2c000 	c:\Users\Usuario\.vscode\extensions\redhat.java-1.53.0-win32-x64\jre\21.0.10-win32-x86_64\bin\vcruntime140_1.dll
0x00007ffcedd50000 - 0x00007ffcedddd000 	c:\Users\Usuario\.vscode\extensions\redhat.java-1.53.0-win32-x64\jre\21.0.10-win32-x86_64\bin\msvcp140.dll
0x00007ffcea980000 - 0x00007ffceb721000 	c:\Users\Usuario\.vscode\extensions\redhat.java-1.53.0-win32-x64\jre\21.0.10-win32-x86_64\bin\server\jvm.dll
0x00007ffd7e7f0000 - 0x00007ffd7e8ab000 	C:\WINDOWS\System32\ADVAPI32.dll
0x00007ffd7e5b0000 - 0x00007ffd7e657000 	C:\WINDOWS\System32\sechost.dll
0x00007ffd7e980000 - 0x00007ffd7ea98000 	C:\WINDOWS\System32\RPCRT4.dll
0x00007ffd7fee0000 - 0x00007ffd7ff54000 	C:\WINDOWS\System32\WS2_32.dll
0x00007ffd7c720000 - 0x00007ffd7c77e000 	C:\WINDOWS\SYSTEM32\POWRPROF.dll
0x00007ffd632c0000 - 0x00007ffd632f5000 	C:\WINDOWS\SYSTEM32\WINMM.dll
0x00007ffd71de0000 - 0x00007ffd71deb000 	C:\WINDOWS\SYSTEM32\VERSION.dll
0x00007ffd7c700000 - 0x00007ffd7c714000 	C:\WINDOWS\SYSTEM32\UMPDC.dll
0x00007ffd7b610000 - 0x00007ffd7b62b000 	C:\WINDOWS\SYSTEM32\kernel.appcore.dll
0x00007ffd4cc60000 - 0x00007ffd4cc6a000 	c:\Users\Usuario\.vscode\extensions\redhat.java-1.53.0-win32-x64\jre\21.0.10-win32-x86_64\bin\jimage.dll
0x00007ffd7a6d0000 - 0x00007ffd7a912000 	C:\WINDOWS\SYSTEM32\DBGHELP.DLL
0x00007ffd7ee50000 - 0x00007ffd7f1d2000 	C:\WINDOWS\System32\combase.dll
0x00007ffd7e710000 - 0x00007ffd7e7e7000 	C:\WINDOWS\System32\OLEAUT32.dll
0x00007ffd5c2f0000 - 0x00007ffd5c32b000 	C:\WINDOWS\SYSTEM32\dbgcore.DLL
0x00007ffd7d350000 - 0x00007ffd7d3f5000 	C:\WINDOWS\System32\bcryptPrimitives.dll
0x00007ffd79b80000 - 0x00007ffd79b8f000 	c:\Users\Usuario\.vscode\extensions\redhat.java-1.53.0-win32-x64\jre\21.0.10-win32-x86_64\bin\instrument.dll
0x00007ffd09560000 - 0x00007ffd09580000 	c:\Users\Usuario\.vscode\extensions\redhat.java-1.53.0-win32-x64\jre\21.0.10-win32-x86_64\bin\java.dll
0x00007ffd7f770000 - 0x00007ffd7fecf000 	C:\WINDOWS\System32\SHELL32.dll
0x00007ffd7cde0000 - 0x00007ffd7cf4a000 	C:\WINDOWS\System32\wintypes.dll
0x00007ffd7d4f0000 - 0x00007ffd7dd54000 	C:\WINDOWS\System32\windows.storage.dll
0x00007ffd7eb00000 - 0x00007ffd7ebf7000 	C:\WINDOWS\System32\SHCORE.dll
0x00007ffd7e6a0000 - 0x00007ffd7e707000 	C:\WINDOWS\System32\shlwapi.dll
0x00007ffd7c7c0000 - 0x00007ffd7c7e9000 	C:\WINDOWS\SYSTEM32\profapi.dll
0x00007ffcf5a50000 - 0x00007ffcf5a68000 	c:\Users\Usuario\.vscode\extensions\redhat.java-1.53.0-win32-x64\jre\21.0.10-win32-x86_64\bin\zip.dll
0x00007ffd26140000 - 0x00007ffd26150000 	C:\Users\Usuario\.vscode\extensions\redhat.java-1.53.0-win32-x64\jre\21.0.10-win32-x86_64\bin\net.dll
0x00007ffd705d0000 - 0x00007ffd706f7000 	C:\WINDOWS\SYSTEM32\WINHTTP.dll
0x00007ffd7bba0000 - 0x00007ffd7bc0b000 	C:\WINDOWS\system32\mswsock.dll
0x00007ffcefad0000 - 0x00007ffcefae6000 	C:\Users\Usuario\.vscode\extensions\redhat.java-1.53.0-win32-x64\jre\21.0.10-win32-x86_64\bin\nio.dll
0x00007ffd79b70000 - 0x00007ffd79b80000 	c:\Users\Usuario\.vscode\extensions\redhat.java-1.53.0-win32-x64\jre\21.0.10-win32-x86_64\bin\verify.dll
0x00007ffcfff20000 - 0x00007ffcfff65000 	C:\Users\Usuario\AppData\Roaming\Code\User\globalStorage\redhat.java\1.53.0\config_win\org.eclipse.equinox.launcher\org.eclipse.equinox.launcher.win32.win32.x86_64_1.3.0.v20260203-2149\eclipse_11919.dll
0x00007ffd7e310000 - 0x00007ffd7e4a5000 	C:\WINDOWS\System32\ole32.dll
0x00007ffd7be80000 - 0x00007ffd7be9b000 	C:\WINDOWS\SYSTEM32\CRYPTSP.dll
0x00007ffd7b560000 - 0x00007ffd7b599000 	C:\WINDOWS\system32\rsaenh.dll
0x00007ffd7bc50000 - 0x00007ffd7bc82000 	C:\WINDOWS\SYSTEM32\USERENV.dll
0x00007ffd7c790000 - 0x00007ffd7c7ba000 	C:\WINDOWS\SYSTEM32\bcrypt.dll
0x00007ffd7bea0000 - 0x00007ffd7beac000 	C:\WINDOWS\SYSTEM32\CRYPTBASE.dll
0x00007ffd7b040000 - 0x00007ffd7b073000 	C:\WINDOWS\SYSTEM32\IPHLPAPI.DLL
0x00007ffd7e300000 - 0x00007ffd7e30a000 	C:\WINDOWS\System32\NSI.dll
0x00007ffd5f1c0000 - 0x00007ffd5f209000 	C:\Users\Usuario\AppData\Local\Temp\jna-1531808526\jna583752763401499215.dll
0x00007ffd7df90000 - 0x00007ffd7df98000 	C:\WINDOWS\System32\PSAPI.DLL

JVMTI agents:
c:\Users\Usuario\.vscode\extensions\redhat.java-1.53.0-win32-x64\lombok\lombok-1.18.39-4050.jar path:c:\Users\Usuario\.vscode\extensions\redhat.java-1.53.0-win32-x64\jre\21.0.10-win32-x86_64\bin\instrument.dll, loaded, initialized, instrumentlib options:none

dbghelp: loaded successfully - version: 4.0.5 - missing functions: none
symbol engine: initialized successfully - sym options: 0x614 - pdb path: .;c:\Users\Usuario\.vscode\extensions\redhat.java-1.53.0-win32-x64\jre\21.0.10-win32-x86_64\bin;C:\WINDOWS\SYSTEM32;C:\WINDOWS\WinSxS\amd64_microsoft.windows.common-controls_6595b64144ccf1df_6.0.26100.8037_none_3e092faae333b53b;c:\Users\Usuario\.vscode\extensions\redhat.java-1.53.0-win32-x64\jre\21.0.10-win32-x86_64\bin\server;C:\Users\Usuario\AppData\Roaming\Code\User\globalStorage\redhat.java\1.53.0\config_win\org.eclipse.equinox.launcher\org.eclipse.equinox.launcher.win32.win32.x86_64_1.3.0.v20260203-2149;C:\Users\Usuario\AppData\Local\Temp\jna-1531808526

VM Arguments:
jvm_args: --add-modules=ALL-SYSTEM --add-opens=java.base/java.util=ALL-UNNAMED --add-opens=java.base/java.lang=ALL-UNNAMED --add-opens=java.base/sun.nio.fs=ALL-UNNAMED -Declipse.application=org.eclipse.jdt.ls.core.id1 -Dosgi.bundles.defaultStartLevel=4 -Declipse.product=org.eclipse.jdt.ls.core.product -Djava.import.generatesMetadataFilesAtProjectRoot=false -DDetectVMInstallationsJob.disabled=true -Dfile.encoding=utf8 -XX:+UseParallelGC -XX:GCTimeRatio=4 -XX:AdaptiveSizePolicyWeight=90 -Dsun.zip.disableMemoryMapping=true -Xmx2G -Xms100m -Xlog:disable -javaagent:c:\Users\Usuario\.vscode\extensions\redhat.java-1.53.0-win32-x64\lombok\lombok-1.18.39-4050.jar -XX:+HeapDumpOnOutOfMemoryError -XX:HeapDumpPath=c:\Users\Usuario\AppData\Roaming\Code\User\workspaceStorage\1e0a85bc105a14e355e8bfcd29007be1\redhat.java -Daether.dependencyCollector.impl=bf 
java_command: c:\Users\Usuario\.vscode\extensions\redhat.java-1.53.0-win32-x64\server\plugins\org.eclipse.equinox.launcher_1.7.100.v20251111-0406.jar -configuration c:\Users\Usuario\AppData\Roaming\Code\User\globalStorage\redhat.java\1.53.0\config_win -data c:\Users\Usuario\AppData\Roaming\Code\User\workspaceStorage\1e0a85bc105a14e355e8bfcd29007be1\redhat.java\jdt_ws --pipe=\\.\pipe\lsp-698f0ed860000dfbc1dbf87e08a2c908-sock
java_class_path (initial): c:\Users\Usuario\.vscode\extensions\redhat.java-1.53.0-win32-x64\server\plugins\org.eclipse.equinox.launcher_1.7.100.v20251111-0406.jar
Launcher Type: SUN_STANDARD

[Global flags]
    uintx AdaptiveSizePolicyWeight                 = 90                                        {product} {command line}
     intx CICompilerCount                          = 3                                         {product} {ergonomic}
    uintx GCTimeRatio                              = 4                                         {product} {command line}
     bool HeapDumpOnOutOfMemoryError               = true                                   {manageable} {command line}
    ccstr HeapDumpPath                             = c:\Users\Usuario\AppData\Roaming\Code\User\workspaceStorage\1e0a85bc105a14e355e8bfcd29007be1\redhat.java         {manageable} {command line}
   size_t InitialHeapSize                          = 104857600                                 {product} {command line}
   size_t MaxHeapSize                              = 2147483648                                {product} {command line}
   size_t MaxNewSize                               = 715653120                                 {product} {ergonomic}
   size_t MinHeapDeltaBytes                        = 524288                                    {product} {ergonomic}
   size_t MinHeapSize                              = 104857600                                 {product} {command line}
   size_t NewSize                                  = 34603008                                  {product} {ergonomic}
    uintx NonNMethodCodeHeapSize                   = 5832780                                {pd product} {ergonomic}
    uintx NonProfiledCodeHeapSize                  = 122912730                              {pd product} {ergonomic}
   size_t OldSize                                  = 70254592                                  {product} {ergonomic}
    uintx ProfiledCodeHeapSize                     = 122912730                              {pd product} {ergonomic}
    uintx ReservedCodeCacheSize                    = 251658240                              {pd product} {ergonomic}
     bool SegmentedCodeCache                       = true                                      {product} {ergonomic}
   size_t SoftMaxHeapSize                          = 2147483648                             {manageable} {ergonomic}
     bool UseCompressedOops                        = true                           {product lp64_product} {ergonomic}
     bool UseLargePagesIndividualAllocation        = false                                  {pd product} {ergonomic}
     bool UseParallelGC                            = true                                      {product} {command line}

Logging:
Log output configuration:
 #0: stdout all=off uptime,level,tags foldmultilines=false
 #1: stderr all=off uptime,level,tags foldmultilines=false

Release file:
JAVA_VERSION="21.0.10" 
MODULES="java.base java.compiler java.datatransfer java.xml java.prefs java.desktop java.instrument java.logging java.management java.security.sasl java.naming java.rmi java.management.rmi java.net.http java.scripting java.security.jgss java.transaction.xa java.sql java.sql.rowset java.xml.crypto java.se java.smartcardio jdk.accessibility jdk.internal.jvmstat jdk.attach jdk.charsets jdk.internal.opt jdk.zipfs jdk.compiler jdk.crypto.ec jdk.crypto.cryptoki jdk.crypto.mscapi jdk.dynalink jdk.internal.ed jdk.editpad jdk.hotspot.agent jdk.httpserver jdk.internal.le jdk.internal.vm.ci jdk.internal.vm.compiler jdk.internal.vm.compiler.management jdk.jartool jdk.javadoc jdk.jcmd jdk.management jdk.management.agent jdk.jconsole jdk.jdeps jdk.jdwp.agent jdk.jdi jdk.jfr jdk.jshell jdk.jsobject jdk.jstatd jdk.localedata jdk.management.jfr jdk.naming.dns jdk.naming.rmi jdk.net jdk.nio.mapmode jdk.random jdk.sctp jdk.security.auth jdk.security.jgss jdk.unsupported jdk.unsupported.desktop jdk.xml.dom" 

Environment Variables:
JAVA_HOME=C:\Program Files\Java\jdk-21
PATH=C:\Program Files\Microsoft VS Code;C:\Python313\Scripts\;C:\Python313\;C:\Program Files\Java\jdk-21\bin;C:\app\Usuario\product\21c\dbhomeXE\bin;C:\Users\Usuario\AppData\Local\Programs\Python\Python310\Scripts\;C:\Users\Usuario\AppData\Local\Programs\Python\Python310\;C:\Python310\Scripts\;C:\Python310\;C:\Program Files\Common Files\Oracle\Java\javapath;C:\WINDOWS\system32;C:\WINDOWS;C:\WINDOWS\System32\Wbem;C:\WINDOWS\System32\WindowsPowerShell\v1.0\;C:\WINDOWS\System32\OpenSSH\;C:\Program Files (x86)\HP\Common\HPDestPlgIn\;C:\ProgramData\chocolatey\bin;D:\Program Files\MongoDB\Server\4.4\bin;C:\Program Files\Git\cmd;D:\node.js\;C:\Program Files\Microsoft SQL Server\170\DTS\Binn\;C:\Program Files\Microsoft VS Code\bin;C:\Users\Usuario\.local\bin;C:\Program Files\MySQL\MySQL Shell 8.0\bin\;C:\Users\Usuario\.console-ninja\.bin;C:\Users\Usuario\AppData\Local\Programs\Python\Python311\Scripts\;C:\Users\Usuario\AppData\Local\Programs\Python\Python311\;C:\Users\Usuario\.cargo\bin;C:\Users\Usuario\AppData\Local\Microsoft\WindowsApps;C:\Users\Usuario\AppData\Local\GitHubDesktop\bin;C:\Users\Usuario\AppData\Local\Programs\Microsoft VS Code\bin;C:\flutter\bin;C:\Program Files\kotlinc\bin;C:\Users\Usuario\AppData\Local\JetBrains\Toolbox\scripts;%IntelliJ IDEA Community Edition%;C:\Users\Usuario\AppData\Local\Microsoft\WindowsApps;C:\Users\Usuario\AppData\Roaming\npm;C:\Users\Usuario\AppData\Local\Programs\cursor\resources\app\bin;C:\Users\Usuario\AppData\Local\Programs\Antigravity\bin
USERNAME=Usuario
OS=Windows_NT
PROCESSOR_IDENTIFIER=Intel64 Family 6 Model 126 Stepping 5, GenuineIntel
TMP=C:\Users\Usuario\AppData\Local\Temp
TEMP=C:\Users\Usuario\AppData\Local\Temp




Periodic native trim disabled

---------------  S Y S T E M  ---------------

OS:
 Windows 11 , 64 bit Build 26100 (10.0.26100.7920)
OS uptime: 1 days 15:58 hours
Hyper-V role detected

CPU: total 4 (initial active 4) (2 cores per cpu, 2 threads per core) family 6 model 126 stepping 5 microcode 0x96, cx8, cmov, fxsr, ht, mmx, 3dnowpref, sse, sse2, sse3, ssse3, sse4.1, sse4.2, popcnt, lzcnt, tsc, tscinvbit, avx, avx2, aes, erms, clmul, bmi1, bmi2, adx, avx512f, avx512dq, avx512cd, avx512bw, avx512vl, sha, fma, vzeroupper, avx512_vpopcntdq, avx512_vpclmulqdq, avx512_vaes, avx512_vnni, clflush, clflushopt, avx512_vbmi2, avx512_vbmi, hv, rdtscp, rdpid, fsrm, gfni, avx512_bitalg, f16c, avx512_ifma
Processor Information for the first 4 processors :
  Max Mhz: 1190, Current Mhz: 1190, Mhz Limit: 1190

Memory: 4k page, system-wide physical 7880M (533M free)
TotalPageFile size 15048M (AvailPageFile size 14M)
current process WorkingSet (physical memory assigned to process): 137M, peak: 137M
current process commit charge ("private bytes"): 261M, peak: 261M

vm_info: OpenJDK 64-Bit Server VM (21.0.10+7-LTS) for windows-amd64 JRE (21.0.10+7-LTS), built on 2026-01-20T00:00:00Z by "admin" with MS VC++ 17.12 (VS2022)

END.
